#
# There is insufficient memory for the Java Runtime Environment to continue.
# Native memory allocation (malloc) failed to allocate 258656 bytes for Chunk::new
# Possible reasons:
#   The system is out of physical RAM or swap space
#   The process is running with CompressedOops enabled, and the Java Heap may be blocking the growth of the native heap
# Possible solutions:
#   Reduce memory load on the system
#   Increase physical memory or swap space
#   Check if swap backing store is full
#   Decrease Java heap size (-Xmx/-Xms)
#   Decrease number of Java threads
#   Decrease Java thread stack sizes (-Xss)
#   Set larger code cache with -XX:ReservedCodeCacheSize=
#   JVM is running with Unscaled Compressed Oops mode in which the Java heap is
#     placed in the first 4GB address space. The Java Heap base address is the
#     maximum limit for the native heap growth. Please use -XX:HeapBaseMinAddress
#     to set the Java Heap base and to place the Java Heap above 4GB virtual address.
# This output file may be truncated or incomplete.
#
#  Out of Memory Error (arena.cpp:184), pid=24796, tid=24108
#
# JRE version: Java(TM) SE Runtime Environment (18.0+36) (build 18+36-2087)
# Java VM: Java HotSpot(TM) 64-Bit Server VM (18+36-2087, mixed mode, sharing, tiered, compressed oops, compressed class ptrs, g1 gc, windows-amd64)
# No core dump will be written. Minidumps are not enabled by default on client versions of Windows
#

---------------  S U M M A R Y ------------

Command Line: -Dfile.encoding=UTF-8 --module-path=C:\Users\Hima\bank management system\build\classes bank.management.system.SignupThree

Host: Intel(R) Core(TM) i5-7200U CPU @ 2.50GHz, 4 cores, 7G,  Windows 10 , 64 bit Build 19041 (10.0.19041.2364)
Time: Sat Jan 28 20:51:24 2023 India Standard Time elapsed time: 0.925381 seconds (0d 0h 0m 0s)

---------------  T H R E A D  ---------------

Current thread (0x000001514de148b0):  JavaThread "C2 CompilerThread0" daemon [_thread_in_native, id=24108, stack(0x0000002e48100000,0x0000002e48200000)]


Current CompileTask:
C2:    925 1033   !   4       sun.font.TrueTypeFont::getTableBuffer (215 bytes)

Stack: [0x0000002e48100000,0x0000002e48200000]
Native frames: (J=compiled Java code, j=interpreted, Vv=VM code, C=native code)
V  [jvm.dll+0x69804a]
V  [jvm.dll+0x7f308d]
V  [jvm.dll+0x7f499e]
V  [jvm.dll+0x7f5053]
V  [jvm.dll+0x25ca3f]
V  [jvm.dll+0xb8c2f]
V  [jvm.dll+0xb8fa5]
V  [jvm.dll+0x2c794f]
V  [jvm.dll+0x59fdb0]
V  [jvm.dll+0x237f1e]
V  [jvm.dll+0x231672]
V  [jvm.dll+0x22eeeb]
V  [jvm.dll+0x1b9cfc]
V  [jvm.dll+0x23e8ca]
V  [jvm.dll+0x23cbac]
V  [jvm.dll+0x7a5781]
V  [jvm.dll+0x79fbba]
V  [jvm.dll+0x696ef5]
C  [ucrtbase.dll+0x21bb2]
C  [KERNEL32.DLL+0x17614]
C  [ntdll.dll+0x526a1]


---------------  P R O C E S S  ---------------

Threads class SMR info:
_java_thread_list=0x0000015152f65080, length=17, elements={
0x000001514dde7c20, 0x000001514dde8880, 0x000001514de03ea0, 0x000001514de05850,
0x000001514de06800, 0x000001514de10300, 0x000001514de148b0, 0x000001514de17330,
0x000001514de23540, 0x000001514debe500, 0x00000151521a5720, 0x00000151521cefe0,
0x00000151521e1960, 0x00000151521e1e20, 0x000001515234c2c0, 0x000001513053d5f0,
0x000001515238eb70
}

Java Threads: ( => current thread )
  0x000001514dde7c20 JavaThread "Reference Handler" daemon [_thread_blocked, id=21720, stack(0x0000002e47b00000,0x0000002e47c00000)]
  0x000001514dde8880 JavaThread "Finalizer" daemon [_thread_blocked, id=9888, stack(0x0000002e47c00000,0x0000002e47d00000)]
  0x000001514de03ea0 JavaThread "Signal Dispatcher" daemon [_thread_blocked, id=23544, stack(0x0000002e47d00000,0x0000002e47e00000)]
  0x000001514de05850 JavaThread "Attach Listener" daemon [_thread_blocked, id=24272, stack(0x0000002e47e00000,0x0000002e47f00000)]
  0x000001514de06800 JavaThread "Service Thread" daemon [_thread_blocked, id=24700, stack(0x0000002e47f00000,0x0000002e48000000)]
  0x000001514de10300 JavaThread "Monitor Deflation Thread" daemon [_thread_blocked, id=26144, stack(0x0000002e48000000,0x0000002e48100000)]
=>0x000001514de148b0 JavaThread "C2 CompilerThread0" daemon [_thread_in_native, id=24108, stack(0x0000002e48100000,0x0000002e48200000)]
  0x000001514de17330 JavaThread "C1 CompilerThread0" daemon [_thread_blocked, id=24276, stack(0x0000002e48200000,0x0000002e48300000)]
  0x000001514de23540 JavaThread "Sweeper thread" daemon [_thread_blocked, id=20592, stack(0x0000002e48300000,0x0000002e48400000)]
  0x000001514debe500 JavaThread "Common-Cleaner" daemon [_thread_blocked, id=20148, stack(0x0000002e48400000,0x0000002e48500000)]
  0x00000151521a5720 JavaThread "Notification Thread" daemon [_thread_blocked, id=25288, stack(0x0000002e48500000,0x0000002e48600000)]
  0x00000151521cefe0 JavaThread "Java2D Disposer" daemon [_thread_blocked, id=25832, stack(0x0000002e48700000,0x0000002e48800000)]
  0x00000151521e1960 JavaThread "AWT-Shutdown" [_thread_blocked, id=26164, stack(0x0000002e48800000,0x0000002e48900000)]
  0x00000151521e1e20 JavaThread "AWT-Windows" daemon [_thread_in_native, id=11924, stack(0x0000002e48900000,0x0000002e48a00000)]
  0x000001515234c2c0 JavaThread "AWT-EventQueue-0" [_thread_in_vm, id=26112, stack(0x0000002e48a00000,0x0000002e48b00000)]
  0x000001513053d5f0 JavaThread "DestroyJavaVM" [_thread_blocked, id=17448, stack(0x0000002e47400000,0x0000002e47500000)]
  0x000001515238eb70 JavaThread "C2 CompilerThread1" daemon [_thread_blocked, id=19464, stack(0x0000002e48b00000,0x0000002e48c00000)]

Other Threads:
  0x00000151305ba3a0 VMThread "VM Thread" [stack: 0x0000002e47a00000,0x0000002e47b00000] [id=23956]
  0x00000151521a5be0 WatcherThread "VM Periodic Task Thread" [stack: 0x0000002e48600000,0x0000002e48700000] [id=24224]
  0x000001513059d2f0 WorkerThread "GC Thread#0" [stack: 0x0000002e47500000,0x0000002e47600000] [id=25560]
  0x000001515238f070 WorkerThread "GC Thread#1" [stack: 0x0000002e48c00000,0x0000002e48d00000] [id=26384]
  0x000001515238f310 WorkerThread "GC Thread#2" [stack: 0x0000002e48d00000,0x0000002e48e00000] [id=25852]
  0x000001515238f5b0 WorkerThread "GC Thread#3" [stack: 0x0000002e48e00000,0x0000002e48f00000] [id=8216]
  0x00000151305ade60 ConcurrentGCThread "G1 Main Marker" [stack: 0x0000002e47600000,0x0000002e47700000] [id=19596]
  0x00000151305b0000 WorkerThread "G1 Conc#0" [stack: 0x0000002e47700000,0x0000002e47800000] [id=24036]
  0x00000151305f3ae0 ConcurrentGCThread "G1 Refine#0" [stack: 0x0000002e47800000,0x0000002e47900000] [id=25320]
  0x00000151305f43f0 ConcurrentGCThread "G1 Service" [stack: 0x0000002e47900000,0x0000002e47a00000] [id=18928]

Threads with active compile tasks:
C2 CompilerThread0      956 1033   !   4       sun.font.TrueTypeFont::getTableBuffer (215 bytes)

VM state: not at safepoint (normal execution)

VM Mutex/Monitor currently owned by a thread: None

Heap address: 0x0000000081e00000, size: 2018 MB, Compressed Oops mode: 32-bit

CDS archive(s) mapped at: [0x0000000800000000-0x0000000800ba0000-0x0000000800ba0000), size 12189696, SharedBaseAddress: 0x0000000800000000, ArchiveRelocationMode: 0.
Compressed class space mapped at: 0x0000000800c00000-0x0000000840c00000, reserved size: 1073741824
Narrow klass base: 0x0000000800000000, Narrow klass shift: 0, Narrow klass range: 0x100000000

GC Precious Log:
 CardTable entry size: 512
 Card Set container configuration: InlinePtr #cards 5 size 8 Array Of Cards #cards 12 size 40 Howl #buckets 4 coarsen threshold 1843 Howl Bitmap #cards 512 size 80 coarsen threshold 460 Card regions per heap region 1 cards per card region 2048
 CPUs: 4 total, 4 available
 Memory: 8066M
 Large Page Support: Disabled
 NUMA Support: Disabled
 Compressed Oops: Enabled (32-bit)
 Heap Region Size: 1M
 Heap Min Capacity: 8M
 Heap Initial Capacity: 128M
 Heap Max Capacity: 2018M
 Pre-touch: Disabled
 Parallel Workers: 4
 Concurrent Workers: 1
 Concurrent Refinement Workers: 4
 Periodic GC: Disabled

Heap:
 garbage-first heap   total 131072K, used 7842K [0x0000000081e00000, 0x0000000100000000)
  region size 1024K, 4 young (4096K), 2 survivors (2048K)
 Metaspace       used 6629K, committed 6848K, reserved 1114112K
  class space    used 698K, committed 832K, reserved 1048576K

Heap Regions: E=young(eden), S=young(survivor), O=old, HS=humongous(starts), HC=humongous(continues), CS=collection set, F=free, OA=open archive, CA=closed archive, TAMS=top-at-mark-start (previous, next)
|   0|0x0000000081e00000, 0x0000000081f00000, 0x0000000081f00000|100%|HS|  |TAMS 0x0000000081e00000, 0x0000000081e00000| Complete 
|   1|0x0000000081f00000, 0x0000000082000000, 0x0000000082000000|100%|HC|  |TAMS 0x0000000081f00000, 0x0000000081f00000| Complete 
|   2|0x0000000082000000, 0x0000000082100000, 0x0000000082100000|100%|HC|  |TAMS 0x0000000082000000, 0x0000000082000000| Complete 
|   3|0x0000000082100000, 0x0000000082200000, 0x0000000082200000|100%|HC|  |TAMS 0x0000000082100000, 0x0000000082100000| Complete 
|   4|0x0000000082200000, 0x00000000822a8800, 0x0000000082300000| 65%| O|  |TAMS 0x0000000082200000, 0x0000000082200000| Untracked 
|   5|0x0000000082300000, 0x0000000082300000, 0x0000000082400000|  0%| F|  |TAMS 0x0000000082300000, 0x0000000082300000| Untracked 
|   6|0x0000000082400000, 0x0000000082400000, 0x0000000082500000|  0%| F|  |TAMS 0x0000000082400000, 0x0000000082400000| Untracked 
|   7|0x0000000082500000, 0x0000000082500000, 0x0000000082600000|  0%| F|  |TAMS 0x0000000082500000, 0x0000000082500000| Untracked 
|   8|0x0000000082600000, 0x0000000082600000, 0x0000000082700000|  0%| F|  |TAMS 0x0000000082600000, 0x0000000082600000| Untracked 
|   9|0x0000000082700000, 0x0000000082700000, 0x0000000082800000|  0%| F|  |TAMS 0x0000000082700000, 0x0000000082700000| Untracked 
|  10|0x0000000082800000, 0x0000000082800000, 0x0000000082900000|  0%| F|  |TAMS 0x0000000082800000, 0x0000000082800000| Untracked 
|  11|0x0000000082900000, 0x0000000082900000, 0x0000000082a00000|  0%| F|  |TAMS 0x0000000082900000, 0x0000000082900000| Untracked 
|  12|0x0000000082a00000, 0x0000000082a00000, 0x0000000082b00000|  0%| F|  |TAMS 0x0000000082a00000, 0x0000000082a00000| Untracked 
|  13|0x0000000082b00000, 0x0000000082b00000, 0x0000000082c00000|  0%| F|  |TAMS 0x0000000082b00000, 0x0000000082b00000| Untracked 
|  14|0x0000000082c00000, 0x0000000082c00000, 0x0000000082d00000|  0%| F|  |TAMS 0x0000000082c00000, 0x0000000082c00000| Untracked 
|  15|0x0000000082d00000, 0x0000000082d00000, 0x0000000082e00000|  0%| F|  |TAMS 0x0000000082d00000, 0x0000000082d00000| Untracked 
|  16|0x0000000082e00000, 0x0000000082e00000, 0x0000000082f00000|  0%| F|  |TAMS 0x0000000082e00000, 0x0000000082e00000| Untracked 
|  17|0x0000000082f00000, 0x0000000082f00000, 0x0000000083000000|  0%| F|  |TAMS 0x0000000082f00000, 0x0000000082f00000| Untracked 
|  18|0x0000000083000000, 0x0000000083000000, 0x0000000083100000|  0%| F|  |TAMS 0x0000000083000000, 0x0000000083000000| Untracked 
|  19|0x0000000083100000, 0x0000000083100000, 0x0000000083200000|  0%| F|  |TAMS 0x0000000083100000, 0x0000000083100000| Untracked 
|  20|0x0000000083200000, 0x0000000083200000, 0x0000000083300000|  0%| F|  |TAMS 0x0000000083200000, 0x0000000083200000| Untracked 
|  21|0x0000000083300000, 0x0000000083300000, 0x0000000083400000|  0%| F|  |TAMS 0x0000000083300000, 0x0000000083300000| Untracked 
|  22|0x0000000083400000, 0x0000000083400000, 0x0000000083500000|  0%| F|  |TAMS 0x0000000083400000, 0x0000000083400000| Untracked 
|  23|0x0000000083500000, 0x0000000083500000, 0x0000000083600000|  0%| F|  |TAMS 0x0000000083500000, 0x0000000083500000| Untracked 
|  24|0x0000000083600000, 0x0000000083600000, 0x0000000083700000|  0%| F|  |TAMS 0x0000000083600000, 0x0000000083600000| Untracked 
|  25|0x0000000083700000, 0x0000000083700000, 0x0000000083800000|  0%| F|  |TAMS 0x0000000083700000, 0x0000000083700000| Untracked 
|  26|0x0000000083800000, 0x0000000083800000, 0x0000000083900000|  0%| F|  |TAMS 0x0000000083800000, 0x0000000083800000| Untracked 
|  27|0x0000000083900000, 0x0000000083900000, 0x0000000083a00000|  0%| F|  |TAMS 0x0000000083900000, 0x0000000083900000| Untracked 
|  28|0x0000000083a00000, 0x0000000083a00000, 0x0000000083b00000|  0%| F|  |TAMS 0x0000000083a00000, 0x0000000083a00000| Untracked 
|  29|0x0000000083b00000, 0x0000000083b00000, 0x0000000083c00000|  0%| F|  |TAMS 0x0000000083b00000, 0x0000000083b00000| Untracked 
|  30|0x0000000083c00000, 0x0000000083c00000, 0x0000000083d00000|  0%| F|  |TAMS 0x0000000083c00000, 0x0000000083c00000| Untracked 
|  31|0x0000000083d00000, 0x0000000083d00000, 0x0000000083e00000|  0%| F|  |TAMS 0x0000000083d00000, 0x0000000083d00000| Untracked 
|  32|0x0000000083e00000, 0x0000000083e00000, 0x0000000083f00000|  0%| F|  |TAMS 0x0000000083e00000, 0x0000000083e00000| Untracked 
|  33|0x0000000083f00000, 0x0000000083f00000, 0x0000000084000000|  0%| F|  |TAMS 0x0000000083f00000, 0x0000000083f00000| Untracked 
|  34|0x0000000084000000, 0x0000000084000000, 0x0000000084100000|  0%| F|  |TAMS 0x0000000084000000, 0x0000000084000000| Untracked 
|  35|0x0000000084100000, 0x0000000084100000, 0x0000000084200000|  0%| F|  |TAMS 0x0000000084100000, 0x0000000084100000| Untracked 
|  36|0x0000000084200000, 0x0000000084200000, 0x0000000084300000|  0%| F|  |TAMS 0x0000000084200000, 0x0000000084200000| Untracked 
|  37|0x0000000084300000, 0x0000000084300000, 0x0000000084400000|  0%| F|  |TAMS 0x0000000084300000, 0x0000000084300000| Untracked 
|  38|0x0000000084400000, 0x0000000084400000, 0x0000000084500000|  0%| F|  |TAMS 0x0000000084400000, 0x0000000084400000| Untracked 
|  39|0x0000000084500000, 0x0000000084500000, 0x0000000084600000|  0%| F|  |TAMS 0x0000000084500000, 0x0000000084500000| Untracked 
|  40|0x0000000084600000, 0x0000000084600000, 0x0000000084700000|  0%| F|  |TAMS 0x0000000084600000, 0x0000000084600000| Untracked 
|  41|0x0000000084700000, 0x0000000084700000, 0x0000000084800000|  0%| F|  |TAMS 0x0000000084700000, 0x0000000084700000| Untracked 
|  42|0x0000000084800000, 0x0000000084800000, 0x0000000084900000|  0%| F|  |TAMS 0x0000000084800000, 0x0000000084800000| Untracked 
|  43|0x0000000084900000, 0x0000000084900000, 0x0000000084a00000|  0%| F|  |TAMS 0x0000000084900000, 0x0000000084900000| Untracked 
|  44|0x0000000084a00000, 0x0000000084a00000, 0x0000000084b00000|  0%| F|  |TAMS 0x0000000084a00000, 0x0000000084a00000| Untracked 
|  45|0x0000000084b00000, 0x0000000084b00000, 0x0000000084c00000|  0%| F|  |TAMS 0x0000000084b00000, 0x0000000084b00000| Untracked 
|  46|0x0000000084c00000, 0x0000000084c00000, 0x0000000084d00000|  0%| F|  |TAMS 0x0000000084c00000, 0x0000000084c00000| Untracked 
|  47|0x0000000084d00000, 0x0000000084d00000, 0x0000000084e00000|  0%| F|  |TAMS 0x0000000084d00000, 0x0000000084d00000| Untracked 
|  48|0x0000000084e00000, 0x0000000084e00000, 0x0000000084f00000|  0%| F|  |TAMS 0x0000000084e00000, 0x0000000084e00000| Untracked 
|  49|0x0000000084f00000, 0x0000000084f00000, 0x0000000085000000|  0%| F|  |TAMS 0x0000000084f00000, 0x0000000084f00000| Untracked 
|  50|0x0000000085000000, 0x0000000085000000, 0x0000000085100000|  0%| F|  |TAMS 0x0000000085000000, 0x0000000085000000| Untracked 
|  51|0x0000000085100000, 0x0000000085100000, 0x0000000085200000|  0%| F|  |TAMS 0x0000000085100000, 0x0000000085100000| Untracked 
|  52|0x0000000085200000, 0x0000000085200000, 0x0000000085300000|  0%| F|  |TAMS 0x0000000085200000, 0x0000000085200000| Untracked 
|  53|0x0000000085300000, 0x0000000085300000, 0x0000000085400000|  0%| F|  |TAMS 0x0000000085300000, 0x0000000085300000| Untracked 
|  54|0x0000000085400000, 0x0000000085400000, 0x0000000085500000|  0%| F|  |TAMS 0x0000000085400000, 0x0000000085400000| Untracked 
|  55|0x0000000085500000, 0x0000000085500000, 0x0000000085600000|  0%| F|  |TAMS 0x0000000085500000, 0x0000000085500000| Untracked 
|  56|0x0000000085600000, 0x0000000085600000, 0x0000000085700000|  0%| F|  |TAMS 0x0000000085600000, 0x0000000085600000| Untracked 
|  57|0x0000000085700000, 0x0000000085700000, 0x0000000085800000|  0%| F|  |TAMS 0x0000000085700000, 0x0000000085700000| Untracked 
|  58|0x0000000085800000, 0x0000000085800000, 0x0000000085900000|  0%| F|  |TAMS 0x0000000085800000, 0x0000000085800000| Untracked 
|  59|0x0000000085900000, 0x0000000085900000, 0x0000000085a00000|  0%| F|  |TAMS 0x0000000085900000, 0x0000000085900000| Untracked 
|  60|0x0000000085a00000, 0x0000000085a00000, 0x0000000085b00000|  0%| F|  |TAMS 0x0000000085a00000, 0x0000000085a00000| Untracked 
|  61|0x0000000085b00000, 0x0000000085b00000, 0x0000000085c00000|  0%| F|  |TAMS 0x0000000085b00000, 0x0000000085b00000| Untracked 
|  62|0x0000000085c00000, 0x0000000085c00000, 0x0000000085d00000|  0%| F|  |TAMS 0x0000000085c00000, 0x0000000085c00000| Untracked 
|  63|0x0000000085d00000, 0x0000000085d00000, 0x0000000085e00000|  0%| F|  |TAMS 0x0000000085d00000, 0x0000000085d00000| Untracked 
|  64|0x0000000085e00000, 0x0000000085e00000, 0x0000000085f00000|  0%| F|  |TAMS 0x0000000085e00000, 0x0000000085e00000| Untracked 
|  65|0x0000000085f00000, 0x0000000085f00000, 0x0000000086000000|  0%| F|  |TAMS 0x0000000085f00000, 0x0000000085f00000| Untracked 
|  66|0x0000000086000000, 0x0000000086000000, 0x0000000086100000|  0%| F|  |TAMS 0x0000000086000000, 0x0000000086000000| Untracked 
|  67|0x0000000086100000, 0x0000000086100000, 0x0000000086200000|  0%| F|  |TAMS 0x0000000086100000, 0x0000000086100000| Untracked 
|  68|0x0000000086200000, 0x0000000086200000, 0x0000000086300000|  0%| F|  |TAMS 0x0000000086200000, 0x0000000086200000| Untracked 
|  69|0x0000000086300000, 0x0000000086300000, 0x0000000086400000|  0%| F|  |TAMS 0x0000000086300000, 0x0000000086300000| Untracked 
|  70|0x0000000086400000, 0x0000000086400000, 0x0000000086500000|  0%| F|  |TAMS 0x0000000086400000, 0x0000000086400000| Untracked 
|  71|0x0000000086500000, 0x0000000086500000, 0x0000000086600000|  0%| F|  |TAMS 0x0000000086500000, 0x0000000086500000| Untracked 
|  72|0x0000000086600000, 0x0000000086600000, 0x0000000086700000|  0%| F|  |TAMS 0x0000000086600000, 0x0000000086600000| Untracked 
|  73|0x0000000086700000, 0x0000000086700000, 0x0000000086800000|  0%| F|  |TAMS 0x0000000086700000, 0x0000000086700000| Untracked 
|  74|0x0000000086800000, 0x0000000086800000, 0x0000000086900000|  0%| F|  |TAMS 0x0000000086800000, 0x0000000086800000| Untracked 
|  75|0x0000000086900000, 0x0000000086900000, 0x0000000086a00000|  0%| F|  |TAMS 0x0000000086900000, 0x0000000086900000| Untracked 
|  76|0x0000000086a00000, 0x0000000086a00000, 0x0000000086b00000|  0%| F|  |TAMS 0x0000000086a00000, 0x0000000086a00000| Untracked 
|  77|0x0000000086b00000, 0x0000000086b00000, 0x0000000086c00000|  0%| F|  |TAMS 0x0000000086b00000, 0x0000000086b00000| Untracked 
|  78|0x0000000086c00000, 0x0000000086c00000, 0x0000000086d00000|  0%| F|  |TAMS 0x0000000086c00000, 0x0000000086c00000| Untracked 
|  79|0x0000000086d00000, 0x0000000086d00000, 0x0000000086e00000|  0%| F|  |TAMS 0x0000000086d00000, 0x0000000086d00000| Untracked 
|  80|0x0000000086e00000, 0x0000000086e00000, 0x0000000086f00000|  0%| F|  |TAMS 0x0000000086e00000, 0x0000000086e00000| Untracked 
|  81|0x0000000086f00000, 0x0000000086f00000, 0x0000000087000000|  0%| F|  |TAMS 0x0000000086f00000, 0x0000000086f00000| Untracked 
|  82|0x0000000087000000, 0x0000000087000000, 0x0000000087100000|  0%| F|  |TAMS 0x0000000087000000, 0x0000000087000000| Untracked 
|  83|0x0000000087100000, 0x0000000087100000, 0x0000000087200000|  0%| F|  |TAMS 0x0000000087100000, 0x0000000087100000| Untracked 
|  84|0x0000000087200000, 0x0000000087200000, 0x0000000087300000|  0%| F|  |TAMS 0x0000000087200000, 0x0000000087200000| Untracked 
|  85|0x0000000087300000, 0x0000000087300000, 0x0000000087400000|  0%| F|  |TAMS 0x0000000087300000, 0x0000000087300000| Untracked 
|  86|0x0000000087400000, 0x0000000087400000, 0x0000000087500000|  0%| F|  |TAMS 0x0000000087400000, 0x0000000087400000| Untracked 
|  87|0x0000000087500000, 0x0000000087500000, 0x0000000087600000|  0%| F|  |TAMS 0x0000000087500000, 0x0000000087500000| Untracked 
|  88|0x0000000087600000, 0x0000000087600000, 0x0000000087700000|  0%| F|  |TAMS 0x0000000087600000, 0x0000000087600000| Untracked 
|  89|0x0000000087700000, 0x0000000087700000, 0x0000000087800000|  0%| F|  |TAMS 0x0000000087700000, 0x0000000087700000| Untracked 
|  90|0x0000000087800000, 0x0000000087800000, 0x0000000087900000|  0%| F|  |TAMS 0x0000000087800000, 0x0000000087800000| Untracked 
|  91|0x0000000087900000, 0x0000000087900000, 0x0000000087a00000|  0%| F|  |TAMS 0x0000000087900000, 0x0000000087900000| Untracked 
|  92|0x0000000087a00000, 0x0000000087a00000, 0x0000000087b00000|  0%| F|  |TAMS 0x0000000087a00000, 0x0000000087a00000| Untracked 
|  93|0x0000000087b00000, 0x0000000087b00000, 0x0000000087c00000|  0%| F|  |TAMS 0x0000000087b00000, 0x0000000087b00000| Untracked 
|  94|0x0000000087c00000, 0x0000000087c00000, 0x0000000087d00000|  0%| F|  |TAMS 0x0000000087c00000, 0x0000000087c00000| Untracked 
|  95|0x0000000087d00000, 0x0000000087d00000, 0x0000000087e00000|  0%| F|  |TAMS 0x0000000087d00000, 0x0000000087d00000| Untracked 
|  96|0x0000000087e00000, 0x0000000087e00000, 0x0000000087f00000|  0%| F|  |TAMS 0x0000000087e00000, 0x0000000087e00000| Untracked 
|  97|0x0000000087f00000, 0x0000000087f00000, 0x0000000088000000|  0%| F|  |TAMS 0x0000000087f00000, 0x0000000087f00000| Untracked 
|  98|0x0000000088000000, 0x0000000088000000, 0x0000000088100000|  0%| F|  |TAMS 0x0000000088000000, 0x0000000088000000| Untracked 
|  99|0x0000000088100000, 0x0000000088100000, 0x0000000088200000|  0%| F|  |TAMS 0x0000000088100000, 0x0000000088100000| Untracked 
| 100|0x0000000088200000, 0x0000000088200000, 0x0000000088300000|  0%| F|  |TAMS 0x0000000088200000, 0x0000000088200000| Untracked 
| 101|0x0000000088300000, 0x0000000088300000, 0x0000000088400000|  0%| F|  |TAMS 0x0000000088300000, 0x0000000088300000| Untracked 
| 102|0x0000000088400000, 0x0000000088400000, 0x0000000088500000|  0%| F|  |TAMS 0x0000000088400000, 0x0000000088400000| Untracked 
| 103|0x0000000088500000, 0x0000000088500000, 0x0000000088600000|  0%| F|  |TAMS 0x0000000088500000, 0x0000000088500000| Untracked 
| 104|0x0000000088600000, 0x0000000088600000, 0x0000000088700000|  0%| F|  |TAMS 0x0000000088600000, 0x0000000088600000| Untracked 
| 105|0x0000000088700000, 0x0000000088700000, 0x0000000088800000|  0%| F|  |TAMS 0x0000000088700000, 0x0000000088700000| Untracked 
| 106|0x0000000088800000, 0x0000000088800000, 0x0000000088900000|  0%| F|  |TAMS 0x0000000088800000, 0x0000000088800000| Untracked 
| 107|0x0000000088900000, 0x0000000088900000, 0x0000000088a00000|  0%| F|  |TAMS 0x0000000088900000, 0x0000000088900000| Untracked 
| 108|0x0000000088a00000, 0x0000000088a00000, 0x0000000088b00000|  0%| F|  |TAMS 0x0000000088a00000, 0x0000000088a00000| Untracked 
| 109|0x0000000088b00000, 0x0000000088b00000, 0x0000000088c00000|  0%| F|  |TAMS 0x0000000088b00000, 0x0000000088b00000| Untracked 
| 110|0x0000000088c00000, 0x0000000088c00000, 0x0000000088d00000|  0%| F|  |TAMS 0x0000000088c00000, 0x0000000088c00000| Untracked 
| 111|0x0000000088d00000, 0x0000000088d00000, 0x0000000088e00000|  0%| F|  |TAMS 0x0000000088d00000, 0x0000000088d00000| Untracked 
| 112|0x0000000088e00000, 0x0000000088e00000, 0x0000000088f00000|  0%| F|  |TAMS 0x0000000088e00000, 0x0000000088e00000| Untracked 
| 113|0x0000000088f00000, 0x0000000089000000, 0x0000000089000000|100%| S|CS|TAMS 0x0000000088f00000, 0x0000000088f00000| Complete 
| 114|0x0000000089000000, 0x0000000089100000, 0x0000000089100000|100%| S|CS|TAMS 0x0000000089000000, 0x0000000089000000| Complete 
| 115|0x0000000089100000, 0x0000000089100000, 0x0000000089200000|  0%| F|  |TAMS 0x0000000089100000, 0x0000000089100000| Untracked 
| 116|0x0000000089200000, 0x0000000089200000, 0x0000000089300000|  0%| F|  |TAMS 0x0000000089200000, 0x0000000089200000| Untracked 
| 117|0x0000000089300000, 0x0000000089300000, 0x0000000089400000|  0%| F|  |TAMS 0x0000000089300000, 0x0000000089300000| Untracked 
| 118|0x0000000089400000, 0x0000000089400000, 0x0000000089500000|  0%| F|  |TAMS 0x0000000089400000, 0x0000000089400000| Untracked 
| 119|0x0000000089500000, 0x0000000089500000, 0x0000000089600000|  0%| F|  |TAMS 0x0000000089500000, 0x0000000089500000| Untracked 
| 120|0x0000000089600000, 0x0000000089600000, 0x0000000089700000|  0%| F|  |TAMS 0x0000000089600000, 0x0000000089600000| Untracked 
| 121|0x0000000089700000, 0x0000000089700000, 0x0000000089800000|  0%| F|  |TAMS 0x0000000089700000, 0x0000000089700000| Untracked 
| 122|0x0000000089800000, 0x0000000089800000, 0x0000000089900000|  0%| F|  |TAMS 0x0000000089800000, 0x0000000089800000| Untracked 
| 123|0x0000000089900000, 0x0000000089900000, 0x0000000089a00000|  0%| F|  |TAMS 0x0000000089900000, 0x0000000089900000| Untracked 
| 124|0x0000000089a00000, 0x0000000089a00000, 0x0000000089b00000|  0%| F|  |TAMS 0x0000000089a00000, 0x0000000089a00000| Untracked 
| 125|0x0000000089b00000, 0x0000000089b00000, 0x0000000089c00000|  0%| F|  |TAMS 0x0000000089b00000, 0x0000000089b00000| Untracked 
| 126|0x0000000089c00000, 0x0000000089cefb38, 0x0000000089d00000| 93%| E|  |TAMS 0x0000000089c00000, 0x0000000089c00000| Complete 
| 127|0x0000000089d00000, 0x0000000089e00000, 0x0000000089e00000|100%| E|CS|TAMS 0x0000000089d00000, 0x0000000089d00000| Complete 

Card table byte_map: [0x0000015147270000,0x0000015147670000] _byte_map_base: 0x0000015146e61000

Marking Bits (Prev, Next): (CMBitMap*) 0x000001513059d8f0, (CMBitMap*) 0x000001513059d930
 Prev Bits: [0x0000015147a70000, 0x00000151499f8000)
 Next Bits: [0x0000015149a00000, 0x000001514b988000)

Polling page: 0x000001512e360000

Metaspace:

Usage:
  Non-class:      5.79 MB used.
      Class:    698.70 KB used.
       Both:      6.47 MB used.

Virtual space:
  Non-class space:       64.00 MB reserved,       5.88 MB (  9%) committed,  1 nodes.
      Class space:        1.00 GB reserved,     832.00 KB ( <1%) committed,  1 nodes.
             Both:        1.06 GB reserved,       6.69 MB ( <1%) committed. 

Chunk freelists:
   Non-Class:  2.13 MB
       Class:  3.24 MB
        Both:  5.37 MB

MaxMetaspaceSize: unlimited
CompressedClassSpaceSize: 1.00 GB
Initial GC threshold: 21.00 MB
Current GC threshold: 21.00 MB
CDS: on
MetaspaceReclaimPolicy: balanced
 - commit_granule_bytes: 65536.
 - commit_granule_words: 8192.
 - virtual_space_node_default_size: 8388608.
 - enlarge_chunks_in_place: 1.
 - new_chunks_are_fully_committed: 0.
 - uncommit_free_chunks: 1.
 - use_allocation_guard: 0.


Internal statistics:

num_allocs_failed_limit: 0.
num_arena_births: 114.
num_arena_deaths: 0.
num_vsnodes_births: 2.
num_vsnodes_deaths: 0.
num_space_committed: 107.
num_space_uncommitted: 0.
num_chunks_returned_to_freelist: 0.
num_chunks_taken_from_freelist: 159.
num_chunk_merges: 0.
num_chunk_splits: 87.
num_chunks_enlarged: 22.
num_inconsistent_stats: 0.

CodeHeap 'non-profiled nmethods': size=120000Kb used=285Kb max_used=285Kb free=119714Kb
 bounds [0x000001513f940000, 0x000001513fbb0000, 0x0000015146e70000]
CodeHeap 'profiled nmethods': size=120000Kb used=1722Kb max_used=1722Kb free=118277Kb
 bounds [0x0000015138410000, 0x0000015138680000, 0x000001513f940000]
CodeHeap 'non-nmethods': size=5760Kb used=1260Kb max_used=1271Kb free=4499Kb
 bounds [0x0000015137e70000, 0x00000151380e0000, 0x0000015138410000]
 total_blobs=1629 nmethods=1059 adapters=483
 compilation: enabled
              stopped_count=0, restarted_count=0
 full_count=0

Compilation events (20 events):
Event: 0.900 Thread 0x000001514de17330 1036       3       java.util.HashSet::toArray (16 bytes)
Event: 0.900 Thread 0x000001514de17330 nmethod 1036 0x00000151385b5790 code [0x00000151385b5940, 0x00000151385b5b58]
Event: 0.903 Thread 0x000001515238eb70 nmethod 1035 0x000001513f982910 code [0x000001513f982aa0, 0x000001513f982d98]
Event: 0.903 Thread 0x000001515238eb70 1037       4       java.nio.ByteBuffer::position (6 bytes)
Event: 0.904 Thread 0x000001515238eb70 nmethod 1037 0x000001513f982f10 code [0x000001513f9830a0, 0x000001513f983198]
Event: 0.904 Thread 0x000001515238eb70 1038   !   4       java.nio.Buffer::checkScope (30 bytes)
Event: 0.904 Thread 0x000001515238eb70 nmethod 1038 0x000001513f983290 code [0x000001513f983400, 0x000001513f983498]
Event: 0.904 Thread 0x000001515238eb70 1039       4       java.nio.channels.spi.AbstractInterruptibleChannel::begin (48 bytes)
Event: 0.907 Thread 0x000001514de17330 1043   !   3       sun.font.TrueTypeFont::getAllFullNames (30 bytes)
Event: 0.907 Thread 0x000001514de17330 nmethod 1043 0x00000151385b5c10 code [0x00000151385b5e20, 0x00000151385b6708]
Event: 0.907 Thread 0x000001514de17330 1045  s    3       sun.font.FontFamily::addLocaleNames (45 bytes)
Event: 0.908 Thread 0x000001514de17330 nmethod 1045 0x00000151385b6a10 code [0x00000151385b6c40, 0x00000151385b74c8]
Event: 0.908 Thread 0x000001514de17330 1044   !   3       sun.font.TrueTypeFont::getAllFamilyNames (30 bytes)
Event: 0.909 Thread 0x000001514de17330 nmethod 1044 0x00000151385b7790 code [0x00000151385b79a0, 0x00000151385b8288]
Event: 0.910 Thread 0x000001515238eb70 nmethod 1039 0x000001513f983590 code [0x000001513f983720, 0x000001513f983c18]
Event: 0.915 Thread 0x000001515238eb70 1042   !   4       sun.nio.cs.UnicodeDecoder::decodeLoop (304 bytes)
Event: 0.915 Thread 0x000001514de17330 1047       3       java.lang.ref.Reference::enqueueFromPending (19 bytes)
Event: 0.915 Thread 0x000001514de17330 nmethod 1047 0x00000151385b8590 code [0x00000151385b8740, 0x00000151385b8968]
Event: 0.915 Thread 0x000001514de17330 1048   !   3       java.lang.ref.ReferenceQueue::enqueue (119 bytes)
Event: 0.916 Thread 0x000001514de17330 nmethod 1048 0x00000151385b8a10 code [0x00000151385b8c00, 0x00000151385b92c8]

GC Heap History (2 events):
Event: 0.910 GC heap before
{Heap before GC invocations=0 (full 0):
 garbage-first heap   total 131072K, used 17408K [0x0000000081e00000, 0x0000000100000000)
  region size 1024K, 13 young (13312K), 0 survivors (0K)
 Metaspace       used 6413K, committed 6592K, reserved 1114112K
  class space    used 673K, committed 768K, reserved 1048576K
}
Event: 0.915 GC heap after
{Heap after GC invocations=1 (full 0):
 garbage-first heap   total 131072K, used 6818K [0x0000000081e00000, 0x0000000100000000)
  region size 1024K, 2 young (2048K), 2 survivors (2048K)
 Metaspace       used 6413K, committed 6592K, reserved 1114112K
  class space    used 673K, committed 768K, reserved 1048576K
}

Deoptimization events (20 events):
Event: 0.547 Thread 0x000001513053d5f0 Uncommon trap: trap_request=0xffffff45 fr.pc=0x000001513f969068 relative=0x00000000000004a8
Event: 0.547 Thread 0x000001513053d5f0 Uncommon trap: reason=unstable_if action=reinterpret pc=0x000001513f969068 method=java.lang.StringLatin1.replace([BCC)Ljava/lang/String; @ 19 c2
Event: 0.547 Thread 0x000001513053d5f0 DEOPT PACKING pc=0x000001513f969068 sp=0x0000002e474fe870
Event: 0.547 Thread 0x000001513053d5f0 DEOPT UNPACKING pc=0x0000015137ec23a3 sp=0x0000002e474fe7f0 mode 2
Event: 0.642 Thread 0x000001515234c2c0 Uncommon trap: trap_request=0xffffff45 fr.pc=0x000001513f971c14 relative=0x00000000000004d4
Event: 0.642 Thread 0x000001515234c2c0 Uncommon trap: reason=unstable_if action=reinterpret pc=0x000001513f971c14 method=java.lang.StringLatin1.toLowerCase(Ljava/lang/String;[BLjava/util/Locale;)Ljava/lang/String; @ 43 c2
Event: 0.642 Thread 0x000001515234c2c0 DEOPT PACKING pc=0x000001513f971c14 sp=0x0000002e48afd060
Event: 0.642 Thread 0x000001515234c2c0 DEOPT UNPACKING pc=0x0000015137ec23a3 sp=0x0000002e48afcfd0 mode 2
Event: 0.711 Thread 0x000001515234c2c0 DEOPT PACKING pc=0x00000151384424e7 sp=0x0000002e48afcd20
Event: 0.711 Thread 0x000001515234c2c0 DEOPT UNPACKING pc=0x0000015137ec2b43 sp=0x0000002e48afc140 mode 0
Event: 0.811 Thread 0x000001515234c2c0 DEOPT PACKING pc=0x00000151384192d1 sp=0x0000002e48afc970
Event: 0.811 Thread 0x000001515234c2c0 DEOPT UNPACKING pc=0x0000015137ec2b43 sp=0x0000002e48afbde8 mode 0
Event: 0.859 Thread 0x000001515234c2c0 Uncommon trap: trap_request=0xffffff45 fr.pc=0x000001513f94ad3c relative=0x000000000000009c
Event: 0.859 Thread 0x000001515234c2c0 Uncommon trap: reason=unstable_if action=reinterpret pc=0x000001513f94ad3c method=java.lang.String.isLatin1()Z @ 10 c2
Event: 0.859 Thread 0x000001515234c2c0 DEOPT PACKING pc=0x000001513f94ad3c sp=0x0000002e48afce70
Event: 0.859 Thread 0x000001515234c2c0 DEOPT UNPACKING pc=0x0000015137ec23a3 sp=0x0000002e48afcda0 mode 2
Event: 0.888 Thread 0x000001515234c2c0 Uncommon trap: trap_request=0xffffff45 fr.pc=0x000001513f97fce4 relative=0x00000000000003a4
Event: 0.888 Thread 0x000001515234c2c0 Uncommon trap: reason=unstable_if action=reinterpret pc=0x000001513f97fce4 method=java.lang.Character.isSurrogate(C)Z @ 3 c2
Event: 0.888 Thread 0x000001515234c2c0 DEOPT PACKING pc=0x000001513f97fce4 sp=0x0000002e48afcb40
Event: 0.888 Thread 0x000001515234c2c0 DEOPT UNPACKING pc=0x0000015137ec23a3 sp=0x0000002e48afca58 mode 2

Classes loaded (20 events):
Event: 0.638 Loading class sun/font/TrueTypeFont$DirectoryEntry
Event: 0.638 Loading class sun/font/TrueTypeFont$DirectoryEntry done
Event: 0.639 Loading class java/nio/ByteBufferAsShortBufferB
Event: 0.639 Loading class java/nio/ShortBuffer
Event: 0.639 Loading class java/nio/ShortBuffer done
Event: 0.639 Loading class java/nio/ByteBufferAsShortBufferB done
Event: 0.639 Loading class sun/nio/cs/UTF_16$Decoder
Event: 0.640 Loading class sun/nio/cs/UnicodeDecoder
Event: 0.640 Loading class sun/nio/cs/UnicodeDecoder done
Event: 0.640 Loading class sun/nio/cs/UTF_16$Decoder done
Event: 0.642 Loading class sun/font/SunFontManager$3
Event: 0.642 Loading class sun/font/SunFontManager$3 done
Event: 0.658 Loading class jdk/internal/misc/ScopedMemoryAccess$Scope
Event: 0.658 Loading class jdk/internal/misc/ScopedMemoryAccess$Scope done
Event: 0.664 Loading class sun/font/SunFontManager$8
Event: 0.664 Loading class sun/font/SunFontManager$8 done
Event: 0.665 Loading class sun/font/SunFontManager$9
Event: 0.665 Loading class sun/font/SunFontManager$9 done
Event: 0.887 Loading class jdk/internal/access/foreign/MemorySegmentProxy
Event: 0.887 Loading class jdk/internal/access/foreign/MemorySegmentProxy done

Classes unloaded (0 events):
No events

Classes redefined (0 events):
No events

Internal exceptions (16 events):
Event: 0.089 Thread 0x000001513053d5f0 Exception <a 'sun/nio/fs/WindowsException'{0x0000000089c3a158}> (0x0000000089c3a158) 
thrown [t:\workspace\open\src\hotspot\share\prims\jni.cpp, line 516]
Event: 0.089 Thread 0x000001513053d5f0 Exception <a 'sun/nio/fs/WindowsException'{0x0000000089c3a628}> (0x0000000089c3a628) 
thrown [t:\workspace\open\src\hotspot\share\prims\jni.cpp, line 516]
Event: 0.091 Thread 0x000001513053d5f0 Exception <a 'sun/nio/fs/WindowsException'{0x0000000089c3c698}> (0x0000000089c3c698) 
thrown [t:\workspace\open\src\hotspot\share\prims\jni.cpp, line 516]
Event: 0.091 Thread 0x000001513053d5f0 Exception <a 'sun/nio/fs/WindowsException'{0x0000000089c3d048}> (0x0000000089c3d048) 
thrown [t:\workspace\open\src\hotspot\share\prims\jni.cpp, line 516]
Event: 0.154 Thread 0x000001513053d5f0 Exception <a 'java/lang/ClassNotFoundException'{0x0000000089b02998}: sun/awt/resources/spi/awtProvider> (0x0000000089b02998) 
thrown [t:\workspace\open\src\hotspot\share\classfile\systemDictionary.cpp, line 255]
Event: 0.182 Thread 0x000001513053d5f0 Exception <a 'java/io/FileNotFoundException'{0x0000000089b562a0}> (0x0000000089b562a0) 
thrown [t:\workspace\open\src\hotspot\share\prims\jni.cpp, line 516]
Event: 0.192 Thread 0x000001513053d5f0 Exception <a 'java/io/FileNotFoundException'{0x0000000089b83298}> (0x0000000089b83298) 
thrown [t:\workspace\open\src\hotspot\share\prims\jni.cpp, line 516]
Event: 0.238 Thread 0x000001513053d5f0 Exception <a 'java/lang/NoSuchMethodError'{0x0000000089bc7a78}: 'java.lang.Object java.lang.invoke.DirectMethodHandle$Holder.invokeStaticInit(java.lang.Object)'> (0x0000000089bc7a78) 
thrown [t:\workspace\open\src\hotspot\share\interpreter\linkResolver.cpp, line 766]
Event: 0.286 Thread 0x000001513053d5f0 Exception <a 'java/lang/NoSuchMethodError'{0x0000000089a54bd0}: 'void java.lang.invoke.DirectMethodHandle$Holder.invokeSpecial(java.lang.Object, java.lang.Object, java.lang.Object)'> (0x0000000089a54bd0) 
thrown [t:\workspace\open\src\hotspot\share\interpreter\linkResolver.cpp, line 766]
Event: 0.299 Thread 0x000001513053d5f0 Exception <a 'java/lang/NoSuchMethodError'{0x0000000089a7fc40}: 'java.lang.Object java.lang.invoke.DirectMethodHandle$Holder.newInvokeSpecial(java.lang.Object, java.lang.Object, java.lang.Object, java.lang.Object, java.lang.Object)'> (0x0000000089a7fc40) 
thrown [t:\workspace\open\src\hotspot\share\interpreter\linkResolver.cpp, line 766]
Event: 0.311 Thread 0x000001513053d5f0 Exception <a 'java/lang/NoSuchMethodError'{0x0000000089ab1998}: 'java.lang.Object java.lang.invoke.DirectMethodHandle$Holder.invokeStatic(java.lang.Object, int, java.lang.Object)'> (0x0000000089ab1998) 
thrown [t:\workspace\open\src\hotspot\share\interpreter\linkResolver.cpp, line 766]
Event: 0.387 Thread 0x000001513053d5f0 Exception <a 'java/lang/ClassNotFoundException'{0x000000008996ed68}: com/sun/swing/internal/plaf/metal/resources/spi/metalProvider> (0x000000008996ed68) 
thrown [t:\workspace\open\src\hotspot\share\classfile\systemDictionary.cpp, line 255]
Event: 0.389 Thread 0x000001513053d5f0 Exception <a 'java/lang/ClassNotFoundException'{0x0000000089972df0}: com/sun/swing/internal/plaf/basic/resources/spi/basicProvider> (0x0000000089972df0) 
thrown [t:\workspace\open\src\hotspot\share\classfile\systemDictionary.cpp, line 255]
Event: 0.405 Thread 0x000001513053d5f0 Exception <a 'java/lang/NoSuchMethodError'{0x00000000899934f0}: 'int java.lang.invoke.Invokers$Holder.invokeExact_MT(java.lang.Object, java.lang.Object)'> (0x00000000899934f0) 
thrown [t:\workspace\open\src\hotspot\share\interpreter\linkResolver.cpp, line 766]
Event: 0.466 Thread 0x00000151521e1e20 Exception <a 'java/lang/NoSuchMethodError'{0x0000000089a10250}: 'void java.lang.invoke.DirectMethodHandle$Holder.invokeVirtual(java.lang.Object, java.lang.Object)'> (0x0000000089a10250) 
thrown [t:\workspace\open\src\hotspot\share\interpreter\linkResolver.cpp, line 766]
Event: 0.498 Thread 0x000001513053d5f0 Exception <a 'java/lang/NoSuchMethodError'{0x00000000899d0f28}: 'void java.lang.invoke.DirectMethodHandle$Holder.invokeStaticInit(java.lang.Object)'> (0x00000000899d0f28) 
thrown [t:\workspace\open\src\hotspot\share\interpreter\linkResolver.cpp, line 766]

VM Operations (8 events):
Event: 0.092 Executing VM operation: HandshakeAllThreads
Event: 0.092 Executing VM operation: HandshakeAllThreads done
Event: 0.412 Executing VM operation: HandshakeAllThreads
Event: 0.412 Executing VM operation: HandshakeAllThreads done
Event: 0.579 Executing VM operation: HandshakeAllThreads
Event: 0.579 Executing VM operation: HandshakeAllThreads done
Event: 0.910 Executing VM operation: G1CollectForAllocation
Event: 0.915 Executing VM operation: G1CollectForAllocation done

Events (20 events):
Event: 0.035 Thread 0x000001514de10300 Thread added: 0x000001514de10300
Event: 0.035 Thread 0x000001514de148b0 Thread added: 0x000001514de148b0
Event: 0.035 Thread 0x000001514de17330 Thread added: 0x000001514de17330
Event: 0.035 Thread 0x000001514de23540 Thread added: 0x000001514de23540
Event: 0.066 Thread 0x000001514debe500 Thread added: 0x000001514debe500
Event: 0.085 Loaded shared library C:\Program Files\Java\jdk-18\bin\net.dll
Event: 0.087 Loaded shared library C:\Program Files\Java\jdk-18\bin\nio.dll
Event: 0.122 Thread 0x00000151521a5720 Thread added: 0x00000151521a5720
Event: 0.127 Loaded shared library C:\Program Files\Java\jdk-18\bin\zip.dll
Event: 0.145 Loaded shared library C:\Program Files\Java\jdk-18\bin\jimage.dll
Event: 0.165 Loaded shared library C:\Program Files\Java\jdk-18\bin\awt.dll
Event: 0.239 Thread 0x00000151521cefe0 Thread added: 0x00000151521cefe0
Event: 0.240 Thread 0x00000151521e1960 Thread added: 0x00000151521e1960
Event: 0.242 Thread 0x00000151521e1e20 Thread added: 0x00000151521e1e20
Event: 0.465 Thread 0x000001515234c2c0 Thread added: 0x000001515234c2c0
Event: 0.504 Loaded shared library C:\Program Files\Java\jdk-18\bin\freetype.dll
Event: 0.505 Loaded shared library C:\Program Files\Java\jdk-18\bin\fontmanager.dll
Event: 0.575 Thread 0x000001513053d5f0 Thread exited: 0x000001513053d5f0
Event: 0.575 Thread 0x000001513053d5f0 Thread added: 0x000001513053d5f0
Event: 0.890 Thread 0x000001515238eb70 Thread added: 0x000001515238eb70


Dynamic libraries:
0x00007ff746750000 - 0x00007ff746760000 	C:\Program Files\Java\jdk-18\bin\java.exe
0x00007ff8c96b0000 - 0x00007ff8c98a8000 	C:\Windows\SYSTEM32\ntdll.dll
0x00007ff8c7780000 - 0x00007ff8c783f000 	C:\Windows\System32\KERNEL32.DLL
0x00007ff8c6fa0000 - 0x00007ff8c7272000 	C:\Windows\System32\KERNELBASE.dll
0x00007ff8c73a0000 - 0x00007ff8c74a0000 	C:\Windows\System32\ucrtbase.dll
0x00007ff8c2860000 - 0x00007ff8c2878000 	C:\Program Files\Java\jdk-18\bin\jli.dll
0x00007ff8c1710000 - 0x00007ff8c172a000 	C:\Program Files\Java\jdk-18\bin\VCRUNTIME140.dll
0x00007ff8c8e60000 - 0x00007ff8c8f0e000 	C:\Windows\System32\ADVAPI32.dll
0x00007ff8c8410000 - 0x00007ff8c84ae000 	C:\Windows\System32\msvcrt.dll
0x00007ff8c7a90000 - 0x00007ff8c7b2c000 	C:\Windows\System32\sechost.dll
0x00007ff8c7fe0000 - 0x00007ff8c8105000 	C:\Windows\System32\RPCRT4.dll
0x00007ff8c8a20000 - 0x00007ff8c8bc1000 	C:\Windows\System32\USER32.dll
0x00007ff8bc8c0000 - 0x00007ff8bcb5a000 	C:\Windows\WinSxS\amd64_microsoft.windows.common-controls_6595b64144ccf1df_6.0.19041.1110_none_60b5254171f9507e\COMCTL32.dll
0x00007ff8c76f0000 - 0x00007ff8c771b000 	C:\Windows\System32\GDI32.dll
0x00007ff8c7370000 - 0x00007ff8c7392000 	C:\Windows\System32\win32u.dll
0x00007ff8c74a0000 - 0x00007ff8c75af000 	C:\Windows\System32\gdi32full.dll
0x00007ff8c7280000 - 0x00007ff8c731d000 	C:\Windows\System32\msvcp_win.dll
0x00007ff8bf8e0000 - 0x00007ff8bf8ea000 	C:\Windows\SYSTEM32\VERSION.dll
0x00007ff8c7fa0000 - 0x00007ff8c7fd2000 	C:\Windows\System32\IMM32.DLL
0x00007ff8c1740000 - 0x00007ff8c174c000 	C:\Program Files\Java\jdk-18\bin\vcruntime140_1.dll
0x00007ff8c2100000 - 0x00007ff8c218d000 	C:\Program Files\Java\jdk-18\bin\msvcp140.dll
0x00007ff863490000 - 0x00007ff8640a1000 	C:\Program Files\Java\jdk-18\bin\server\jvm.dll
0x00007ff8c8f10000 - 0x00007ff8c8f18000 	C:\Windows\System32\PSAPI.DLL
0x00007ff8c1c00000 - 0x00007ff8c1c09000 	C:\Windows\SYSTEM32\WSOCK32.dll
0x00007ff8bf630000 - 0x00007ff8bf657000 	C:\Windows\SYSTEM32\WINMM.dll
0x00007ff8c8d40000 - 0x00007ff8c8dab000 	C:\Windows\System32\WS2_32.dll
0x00007ff8c4c60000 - 0x00007ff8c4c72000 	C:\Windows\SYSTEM32\kernel.appcore.dll
0x00007ff8c1260000 - 0x00007ff8c126a000 	C:\Program Files\Java\jdk-18\bin\jimage.dll
0x00007ff8af980000 - 0x00007ff8afb64000 	C:\Windows\SYSTEM32\DBGHELP.DLL
0x00007ff8af7c0000 - 0x00007ff8af7f5000 	C:\Windows\SYSTEM32\dbgcore.DLL
0x00007ff8c7660000 - 0x00007ff8c76e2000 	C:\Windows\System32\bcryptPrimitives.dll
0x00007ff8a1fd0000 - 0x00007ff8a1ff5000 	C:\Program Files\Java\jdk-18\bin\java.dll
0x00007ff865f30000 - 0x00007ff866006000 	C:\Program Files\Java\jdk-18\bin\jsvml.dll
0x00007ff8c8f20000 - 0x00007ff8c9664000 	C:\Windows\System32\SHELL32.dll
0x00007ff8c4e60000 - 0x00007ff8c55f2000 	C:\Windows\SYSTEM32\windows.storage.dll
0x00007ff8c84b0000 - 0x00007ff8c8805000 	C:\Windows\System32\combase.dll
0x00007ff8c6800000 - 0x00007ff8c6830000 	C:\Windows\SYSTEM32\Wldp.dll
0x00007ff8c8db0000 - 0x00007ff8c8e5d000 	C:\Windows\System32\SHCORE.dll
0x00007ff8c7720000 - 0x00007ff8c7775000 	C:\Windows\System32\shlwapi.dll
0x00007ff8c6ce0000 - 0x00007ff8c6cff000 	C:\Windows\SYSTEM32\profapi.dll
0x00007ff8997d0000 - 0x00007ff8997e3000 	C:\Program Files\Java\jdk-18\bin\net.dll
0x00007ff8b72c0000 - 0x00007ff8b73cc000 	C:\Windows\SYSTEM32\WINHTTP.dll
0x00007ff8c6560000 - 0x00007ff8c65ca000 	C:\Windows\system32\mswsock.dll
0x00007ff8997b0000 - 0x00007ff8997c6000 	C:\Program Files\Java\jdk-18\bin\nio.dll
0x00007ff865e90000 - 0x00007ff865ea8000 	C:\Program Files\Java\jdk-18\bin\zip.dll
0x00007ff8c0aa0000 - 0x00007ff8c0c2f000 	C:\Program Files\Java\jdk-18\bin\awt.dll
0x00007ff8c81f0000 - 0x00007ff8c82bd000 	C:\Windows\System32\OLEAUT32.dll
0x00007ff8c45a0000 - 0x00007ff8c4631000 	C:\Windows\SYSTEM32\apphelp.dll
0x00007ff8c4820000 - 0x00007ff8c484f000 	C:\Windows\system32\DWMAPI.DLL
0x00007ff8c46f0000 - 0x00007ff8c478e000 	C:\Windows\system32\uxtheme.dll
0x00007ff89e1e0000 - 0x00007ff89e305000 	C:\Windows\system32\opengl32.dll
0x00007ff89e1b0000 - 0x00007ff89e1dc000 	C:\Windows\SYSTEM32\GLU32.dll
0x00007ff8c7840000 - 0x00007ff8c7955000 	C:\Windows\System32\MSCTF.dll
0x00007ff8c7960000 - 0x00007ff8c7a8a000 	C:\Windows\System32\ole32.dll
0x00007ff8c0a10000 - 0x00007ff8c0a99000 	C:\Program Files\Java\jdk-18\bin\freetype.dll
0x00007ff8ae700000 - 0x00007ff8ae7a8000 	C:\Program Files\Java\jdk-18\bin\fontmanager.dll
0x00007ff8b6780000 - 0x00007ff8b6879000 	C:\Windows\SYSTEM32\textinputframework.dll
0x00007ff8c3f30000 - 0x00007ff8c428e000 	C:\Windows\System32\CoreUIComponents.dll
0x00007ff8c4290000 - 0x00007ff8c4382000 	C:\Windows\System32\CoreMessaging.dll
0x00007ff8c5f30000 - 0x00007ff8c5f63000 	C:\Windows\SYSTEM32\ntmarta.dll
0x00007ff8c3a50000 - 0x00007ff8c3ba4000 	C:\Windows\SYSTEM32\wintypes.dll

dbghelp: loaded successfully - version: 4.0.5 - missing functions: none
symbol engine: initialized successfully - sym options: 0x614 - pdb path: .;C:\Program Files\Java\jdk-18\bin;C:\Windows\SYSTEM32;C:\Windows\WinSxS\amd64_microsoft.windows.common-controls_6595b64144ccf1df_6.0.19041.1110_none_60b5254171f9507e;C:\Program Files\Java\jdk-18\bin\server

VM Arguments:
jvm_args: -Dfile.encoding=UTF-8 --module-path=C:\Users\Hima\bank management system\build\classes 
java_command: bank.management.system.SignupThree
java_class_path (initial): E:\Bank Management System\Login\jcalendar-tz-1.3.3-4.jar;E:\Bank Management System\Login\mysql-connector-java-8.0.28.jar;C:\Users\Hima\bank management system\build\classes
Launcher Type: SUN_STANDARD

[Global flags]
     intx CICompilerCount                          = 3                                         {product} {ergonomic}
     uint ConcGCThreads                            = 1                                         {product} {ergonomic}
     uint G1ConcRefinementThreads                  = 4                                         {product} {ergonomic}
   size_t G1HeapRegionSize                         = 1048576                                   {product} {ergonomic}
    uintx GCDrainStackTargetSize                   = 64                                        {product} {ergonomic}
   size_t InitialHeapSize                          = 134217728                                 {product} {ergonomic}
   size_t MarkStackSize                            = 4194304                                   {product} {ergonomic}
   size_t MaxHeapSize                              = 2116026368                                {product} {ergonomic}
   size_t MaxNewSize                               = 1268776960                                {product} {ergonomic}
   size_t MinHeapDeltaBytes                        = 1048576                                   {product} {ergonomic}
   size_t MinHeapSize                              = 8388608                                   {product} {ergonomic}
    uintx NonNMethodCodeHeapSize                   = 5832780                                {pd product} {ergonomic}
    uintx NonProfiledCodeHeapSize                  = 122912730                              {pd product} {ergonomic}
    uintx ProfiledCodeHeapSize                     = 122912730                              {pd product} {ergonomic}
    uintx ReservedCodeCacheSize                    = 251658240                              {pd product} {ergonomic}
     bool SegmentedCodeCache                       = true                                      {product} {ergonomic}
   size_t SoftMaxHeapSize                          = 2116026368                             {manageable} {ergonomic}
     bool UseCompressedClassPointers               = true                           {product lp64_product} {ergonomic}
     bool UseCompressedOops                        = true                           {product lp64_product} {ergonomic}
     bool UseG1GC                                  = true                                      {product} {ergonomic}
     bool UseLargePagesIndividualAllocation        = false                                  {pd product} {ergonomic}

Logging:
Log output configuration:
 #0: stdout all=warning uptime,level,tags foldmultilines=false
 #1: stderr all=off uptime,level,tags foldmultilines=false

Environment Variables:
JAVA_HOME=C:\Program Files\Java\jdk-18
PATH=C:\Program Files\Common Files\Oracle\Java\javapath;C:\Windows\system32;C:\Windows;C:\Windows\System32\Wbem;C:\Windows\System32\WindowsPowerShell\v1.0\;C:\Windows\System32\OpenSSH\;C:\Program Files\Java\jdk-18\bin;C:\Program Files\Git\cmd;C:\Program Files\MySQL\MySQL Shell 8.0\bin\;C:\Users\Hima\AppData\Local\Microsoft\WindowsApps;;C:\Program Files\JetBrains\IntelliJ IDEA Community Edition 2021.3.3\bin;
USERNAME=Hima
OS=Windows_NT
PROCESSOR_IDENTIFIER=Intel64 Family 6 Model 142 Stepping 9, GenuineIntel



---------------  S Y S T E M  ---------------

OS:
 Windows 10 , 64 bit Build 19041 (10.0.19041.2364)
OS uptime: 3 days 22:45 hours

CPU: total 4 (initial active 4) (2 cores per cpu, 2 threads per core) family 6 model 142 stepping 9 microcode 0xd6, cx8, cmov, fxsr, ht, mmx, 3dnowpref, sse, sse2, sse3, ssse3, sse4.1, sse4.2, popcnt, lzcnt, tsc, tscinvbit, avx, avx2, aes, erms, clmul, bmi1, bmi2, adx, fma, vzeroupper, clflush, clflushopt

Memory: 4k page, system-wide physical 8066M (1679M free)
TotalPageFile size 32642M (AvailPageFile size 3M)
current process WorkingSet (physical memory assigned to process): 71M, peak: 71M
current process commit charge ("private bytes"): 215M, peak: 215M

vm_info: Java HotSpot(TM) 64-Bit Server VM (18+36-2087) for windows-amd64 JRE (18+36-2087), built on Feb 15 2022 09:43:11 by "mach5one" with MS VC++ 16.8 / 16.9 (VS2019)

END.
