#
# There is insufficient memory for the Java Runtime Environment to continue.
# Native memory allocation (mmap) failed to map 134217728 bytes for G1 virtual space
# Possible reasons:
#   The system is out of physical RAM or swap space
#   The process is running with CompressedOops enabled, and the Java Heap may be blocking the growth of the native heap
# Possible solutions:
#   Reduce memory load on the system
#   Increase physical memory or swap space
#   Check if swap backing store is full
#   Decrease Java heap size (-Xmx/-Xms)
#   Decrease number of Java threads
#   Decrease Java thread stack sizes (-Xss)
#   Set larger code cache with -XX:ReservedCodeCacheSize=
#   JVM is running with Unscaled Compressed Oops mode in which the Java heap is
#     placed in the first 4GB address space. The Java Heap base address is the
#     maximum limit for the native heap growth. Please use -XX:HeapBaseMinAddress
#     to set the Java Heap base and to place the Java Heap above 4GB virtual address.
# This output file may be truncated or incomplete.
#
#  Out of Memory Error (os_windows.cpp:3530), pid=24200, tid=26788
#
# JRE version:  (18.0+36) (build )
# Java VM: Java HotSpot(TM) 64-Bit Server VM (18+36-2087, mixed mode, sharing, tiered, compressed oops, compressed class ptrs, g1 gc, windows-amd64)
# No core dump will be written. Minidumps are not enabled by default on client versions of Windows
#

---------------  S U M M A R Y ------------

Command Line: -Dfile.encoding=UTF-8 --module-path=C:\Users\Hima\bank management system\build\classes bank.management.system.SignupThree

Host: Intel(R) Core(TM) i5-7200U CPU @ 2.50GHz, 4 cores, 7G,  Windows 10 , 64 bit Build 19041 (10.0.19041.2364)
Time: Sat Jan 28 20:50:18 2023 India Standard Time elapsed time: 0.013936 seconds (0d 0h 0m 0s)

---------------  T H R E A D  ---------------

Current thread (0x000001f24b09ee10):  JavaThread "Unknown thread" [_thread_in_vm, id=26788, stack(0x00000048fa300000,0x00000048fa400000)]

Stack: [0x00000048fa300000,0x00000048fa400000]
Native frames: (J=compiled Java code, j=interpreted, Vv=VM code, C=native code)
V  [jvm.dll+0x69804a]
V  [jvm.dll+0x7f308d]
V  [jvm.dll+0x7f499e]
V  [jvm.dll+0x7f5053]
V  [jvm.dll+0x25ca3f]
V  [jvm.dll+0x694f99]
V  [jvm.dll+0x689aca]
V  [jvm.dll+0x321efb]
V  [jvm.dll+0x3298d6]
V  [jvm.dll+0x37e47e]
V  [jvm.dll+0x37e6af]
V  [jvm.dll+0x2f9c7a]
V  [jvm.dll+0x2facdd]
V  [jvm.dll+0x7c1cc0]
V  [jvm.dll+0x38b801]
V  [jvm.dll+0x7a09d3]
V  [jvm.dll+0x40d6bf]
V  [jvm.dll+0x40f091]
C  [jli.dll+0x526b]
C  [ucrtbase.dll+0x21bb2]
C  [KERNEL32.DLL+0x17614]
C  [ntdll.dll+0x526a1]


---------------  P R O C E S S  ---------------

Threads class SMR info:
_java_thread_list=0x00007ff863f6e550, length=0, elements={
}

Java Threads: ( => current thread )

Other Threads:
  0x000001f24b0fc880 WorkerThread "GC Thread#0" [stack: 0x00000048fa400000,0x00000048fa500000] [id=24152]
  0x000001f24b10d3f0 ConcurrentGCThread "G1 Main Marker" [stack: 0x00000048fa500000,0x00000048fa600000] [id=24088]
  0x000001f24b10f590 WorkerThread "G1 Conc#0" [stack: 0x00000048fa600000,0x00000048fa700000] [id=26692]

[error occurred during error reporting (printing all threads), id 0xc0000005, EXCEPTION_ACCESS_VIOLATION (0xc0000005) at pc=0x00007ff86379a217]

VM state: not at safepoint (not fully initialized)

VM Mutex/Monitor currently owned by a thread:  ([mutex/lock_event])
[0x000001f24b0986a0] Heap_lock - owner thread: 0x000001f24b09ee10

Heap address: 0x0000000081e00000, size: 2018 MB, Compressed Oops mode: 32-bit

CDS archive(s) mapped at: [0x0000000000000000-0x0000000000000000-0x0000000000000000), size 0, SharedBaseAddress: 0x0000000800000000, ArchiveRelocationMode: 0.
Narrow klass base: 0x0000000000000000, Narrow klass shift: 0, Narrow klass range: 0x0

GC Precious Log:
 CardTable entry size: 512
 Card Set container configuration: InlinePtr #cards 5 size 8 Array Of Cards #cards 12 size 40 Howl #buckets 4 coarsen threshold 1843 Howl Bitmap #cards 512 size 80 coarsen threshold 460 Card regions per heap region 1 cards per card region 2048

Heap:
 garbage-first heap   total 0K, used 0K [0x0000000081e00000, 0x0000000100000000)
  region size 1024K, 0 young (0K), 0 survivors (0K)

[error occurred during error reporting (printing heap information), id 0xc0000005, EXCEPTION_ACCESS_VIOLATION (0xc0000005) at pc=0x00007ff863b80489]

GC Heap History (0 events):
No events

Deoptimization events (0 events):
No events

Classes loaded (0 events):
No events

Classes unloaded (0 events):
No events

Classes redefined (0 events):
No events

Internal exceptions (0 events):
No events

VM Operations (0 events):
No events

Events (1 events):
Event: 0.008 Loaded shared library C:\Program Files\Java\jdk-18\bin\java.dll


Dynamic libraries:
0x00007ff746750000 - 0x00007ff746760000 	C:\Program Files\Java\jdk-18\bin\java.exe
0x00007ff8c96b0000 - 0x00007ff8c98a8000 	C:\Windows\SYSTEM32\ntdll.dll
0x00007ff8c7780000 - 0x00007ff8c783f000 	C:\Windows\System32\KERNEL32.DLL
0x00007ff8c6fa0000 - 0x00007ff8c7272000 	C:\Windows\System32\KERNELBASE.dll
0x00007ff8c73a0000 - 0x00007ff8c74a0000 	C:\Windows\System32\ucrtbase.dll
0x00007ff8c2860000 - 0x00007ff8c2878000 	C:\Program Files\Java\jdk-18\bin\jli.dll
0x00007ff8c1710000 - 0x00007ff8c172a000 	C:\Program Files\Java\jdk-18\bin\VCRUNTIME140.dll
0x00007ff8c8e60000 - 0x00007ff8c8f0e000 	C:\Windows\System32\ADVAPI32.dll
0x00007ff8c8410000 - 0x00007ff8c84ae000 	C:\Windows\System32\msvcrt.dll
0x00007ff8c7a90000 - 0x00007ff8c7b2c000 	C:\Windows\System32\sechost.dll
0x00007ff8c7fe0000 - 0x00007ff8c8105000 	C:\Windows\System32\RPCRT4.dll
0x00007ff8c8a20000 - 0x00007ff8c8bc1000 	C:\Windows\System32\USER32.dll
0x00007ff8c7370000 - 0x00007ff8c7392000 	C:\Windows\System32\win32u.dll
0x00007ff8c76f0000 - 0x00007ff8c771b000 	C:\Windows\System32\GDI32.dll
0x00007ff8c74a0000 - 0x00007ff8c75af000 	C:\Windows\System32\gdi32full.dll
0x00007ff8bc8c0000 - 0x00007ff8bcb5a000 	C:\Windows\WinSxS\amd64_microsoft.windows.common-controls_6595b64144ccf1df_6.0.19041.1110_none_60b5254171f9507e\COMCTL32.dll
0x00007ff8c7280000 - 0x00007ff8c731d000 	C:\Windows\System32\msvcp_win.dll
0x00007ff8bf8e0000 - 0x00007ff8bf8ea000 	C:\Windows\SYSTEM32\VERSION.dll
0x00007ff8c7fa0000 - 0x00007ff8c7fd2000 	C:\Windows\System32\IMM32.DLL
0x00007ff8c1740000 - 0x00007ff8c174c000 	C:\Program Files\Java\jdk-18\bin\vcruntime140_1.dll
0x00007ff8c2100000 - 0x00007ff8c218d000 	C:\Program Files\Java\jdk-18\bin\msvcp140.dll
0x00007ff863490000 - 0x00007ff8640a1000 	C:\Program Files\Java\jdk-18\bin\server\jvm.dll
0x00007ff8c8f10000 - 0x00007ff8c8f18000 	C:\Windows\System32\PSAPI.DLL
0x00007ff8c1c00000 - 0x00007ff8c1c09000 	C:\Windows\SYSTEM32\WSOCK32.dll
0x00007ff8bf630000 - 0x00007ff8bf657000 	C:\Windows\SYSTEM32\WINMM.dll
0x00007ff8c8d40000 - 0x00007ff8c8dab000 	C:\Windows\System32\WS2_32.dll
0x00007ff8c4c60000 - 0x00007ff8c4c72000 	C:\Windows\SYSTEM32\kernel.appcore.dll
0x00007ff8c1260000 - 0x00007ff8c126a000 	C:\Program Files\Java\jdk-18\bin\jimage.dll
0x00007ff8af980000 - 0x00007ff8afb64000 	C:\Windows\SYSTEM32\DBGHELP.DLL
0x00007ff8af7c0000 - 0x00007ff8af7f5000 	C:\Windows\SYSTEM32\dbgcore.DLL
0x00007ff8c7660000 - 0x00007ff8c76e2000 	C:\Windows\System32\bcryptPrimitives.dll
0x00007ff8a1fd0000 - 0x00007ff8a1ff5000 	C:\Program Files\Java\jdk-18\bin\java.dll

dbghelp: loaded successfully - version: 4.0.5 - missing functions: none
symbol engine: initialized successfully - sym options: 0x614 - pdb path: .;C:\Program Files\Java\jdk-18\bin;C:\Windows\SYSTEM32;C:\Windows\WinSxS\amd64_microsoft.windows.common-controls_6595b64144ccf1df_6.0.19041.1110_none_60b5254171f9507e;C:\Program Files\Java\jdk-18\bin\server

VM Arguments:
jvm_args: -Dfile.encoding=UTF-8 --module-path=C:\Users\Hima\bank management system\build\classes 
java_command: bank.management.system.SignupThree
java_class_path (initial): E:\Bank Management System\Login\jcalendar-tz-1.3.3-4.jar;E:\Bank Management System\Login\mysql-connector-java-8.0.28.jar;C:\Users\Hima\bank management system\build\classes
Launcher Type: SUN_STANDARD

[Global flags]
     intx CICompilerCount                          = 3                                         {product} {ergonomic}
     uint ConcGCThreads                            = 1                                         {product} {ergonomic}
     uint G1ConcRefinementThreads                  = 4                                         {product} {ergonomic}
   size_t G1HeapRegionSize                         = 1048576                                   {product} {ergonomic}
    uintx GCDrainStackTargetSize                   = 64                                        {product} {ergonomic}
   size_t InitialHeapSize                          = 134217728                                 {product} {ergonomic}
   size_t MarkStackSize                            = 4194304                                   {product} {ergonomic}
   size_t MaxHeapSize                              = 2116026368                                {product} {ergonomic}
   size_t MinHeapDeltaBytes                        = 1048576                                   {product} {ergonomic}
   size_t MinHeapSize                              = 8388608                                   {product} {ergonomic}
    uintx NonNMethodCodeHeapSize                   = 5832780                                {pd product} {ergonomic}
    uintx NonProfiledCodeHeapSize                  = 122912730                              {pd product} {ergonomic}
    uintx ProfiledCodeHeapSize                     = 122912730                              {pd product} {ergonomic}
    uintx ReservedCodeCacheSize                    = 251658240                              {pd product} {ergonomic}
     bool SegmentedCodeCache                       = true                                      {product} {ergonomic}
   size_t SoftMaxHeapSize                          = 2116026368                             {manageable} {ergonomic}
     bool UseCompressedClassPointers               = true                           {product lp64_product} {ergonomic}
     bool UseCompressedOops                        = true                           {product lp64_product} {ergonomic}
     bool UseG1GC                                  = true                                      {product} {ergonomic}
     bool UseLargePagesIndividualAllocation        = false                                  {pd product} {ergonomic}

Logging:
Log output configuration:
 #0: stdout all=warning uptime,level,tags foldmultilines=false
 #1: stderr all=off uptime,level,tags foldmultilines=false

Environment Variables:
JAVA_HOME=C:\Program Files\Java\jdk-18
PATH=C:\Program Files\Common Files\Oracle\Java\javapath;C:\Windows\system32;C:\Windows;C:\Windows\System32\Wbem;C:\Windows\System32\WindowsPowerShell\v1.0\;C:\Windows\System32\OpenSSH\;C:\Program Files\Java\jdk-18\bin;C:\Program Files\Git\cmd;C:\Program Files\MySQL\MySQL Shell 8.0\bin\;C:\Users\Hima\AppData\Local\Microsoft\WindowsApps;;C:\Program Files\JetBrains\IntelliJ IDEA Community Edition 2021.3.3\bin;
USERNAME=Hima
OS=Windows_NT
PROCESSOR_IDENTIFIER=Intel64 Family 6 Model 142 Stepping 9, GenuineIntel



---------------  S Y S T E M  ---------------

OS:
 Windows 10 , 64 bit Build 19041 (10.0.19041.2364)
OS uptime: 3 days 22:44 hours

CPU: total 4 (initial active 4) (2 cores per cpu, 2 threads per core) family 6 model 142 stepping 9 microcode 0xd6, cx8, cmov, fxsr, ht, mmx, 3dnowpref, sse, sse2, sse3, ssse3, sse4.1, sse4.2, popcnt, lzcnt, tsc, tscinvbit, avx, avx2, aes, erms, clmul, bmi1, bmi2, adx, fma, vzeroupper, clflush, clflushopt

Memory: 4k page, system-wide physical 8066M (1511M free)
TotalPageFile size 32642M (AvailPageFile size 80M)
current process WorkingSet (physical memory assigned to process): 10M, peak: 10M
current process commit charge ("private bytes"): 52M, peak: 179M

vm_info: Java HotSpot(TM) 64-Bit Server VM (18+36-2087) for windows-amd64 JRE (18+36-2087), built on Feb 15 2022 09:43:11 by "mach5one" with MS VC++ 16.8 / 16.9 (VS2019)

END.
