#
# There is insufficient memory for the Java Runtime Environment to continue.
# Native memory allocation (malloc) failed to allocate 32744 bytes for Chunk::new
# Possible reasons:
#   The system is out of physical RAM or swap space
#   The process is running with CompressedOops enabled, and the Java Heap may be blocking the growth of the native heap
# Possible solutions:
#   Reduce memory load on the system
#   Increase physical memory or swap space
#   Check if swap backing store is full
#   Decrease Java heap size (-Xmx/-Xms)
#   Decrease number of Java threads
#   Decrease Java thread stack sizes (-Xss)
#   Set larger code cache with -XX:ReservedCodeCacheSize=
#   JVM is running with Unscaled Compressed Oops mode in which the Java heap is
#     placed in the first 4GB address space. The Java Heap base address is the
#     maximum limit for the native heap growth. Please use -XX:HeapBaseMinAddress
#     to set the Java Heap base and to place the Java Heap above 4GB virtual address.
# This output file may be truncated or incomplete.
#
#  Out of Memory Error (arena.cpp:184), pid=24880, tid=26800
#
# JRE version: Java(TM) SE Runtime Environment (18.0+36) (build 18+36-2087)
# Java VM: Java HotSpot(TM) 64-Bit Server VM (18+36-2087, mixed mode, sharing, tiered, compressed oops, compressed class ptrs, g1 gc, windows-amd64)
# No core dump will be written. Minidumps are not enabled by default on client versions of Windows
#

---------------  S U M M A R Y ------------

Command Line: -Dfile.encoding=UTF-8 --module-path=C:\Users\Hima\bank management system\build\classes bank.management.system.SignupThree

Host: Intel(R) Core(TM) i5-7200U CPU @ 2.50GHz, 4 cores, 7G,  Windows 10 , 64 bit Build 19041 (10.0.19041.2364)
Time: Sat Jan 28 20:52:12 2023 India Standard Time elapsed time: 0.875904 seconds (0d 0h 0m 0s)

---------------  T H R E A D  ---------------

Current thread (0x00000214fead9c20):  JavaThread "C1 CompilerThread0" daemon [_thread_in_native, id=26800, stack(0x0000009f62d00000,0x0000009f62e00000)]


Current CompileTask:
C1:    876 1026   !   3       sun.font.TrueTypeFont::getAllFullNames (30 bytes)

Stack: [0x0000009f62d00000,0x0000009f62e00000]
Native frames: (J=compiled Java code, j=interpreted, Vv=VM code, C=native code)
V  [jvm.dll+0x69804a]
V  [jvm.dll+0x7f308d]
V  [jvm.dll+0x7f499e]
V  [jvm.dll+0x7f5053]
V  [jvm.dll+0x25ca3f]
V  [jvm.dll+0xb8c2f]
V  [jvm.dll+0xb8fa5]
V  [jvm.dll+0x18a4c5]
V  [jvm.dll+0x18f904]
V  [jvm.dll+0x148df3]
V  [jvm.dll+0x1486cf]
V  [jvm.dll+0x148926]
V  [jvm.dll+0x147d9a]
V  [jvm.dll+0x149a81]
V  [jvm.dll+0x23e8ca]
V  [jvm.dll+0x23cbac]
V  [jvm.dll+0x7a5781]
V  [jvm.dll+0x79fbba]
V  [jvm.dll+0x696ef5]
C  [ucrtbase.dll+0x21bb2]
C  [KERNEL32.DLL+0x17614]
C  [ntdll.dll+0x526a1]


---------------  P R O C E S S  ---------------

Threads class SMR info:
_java_thread_list=0x00000214ff028090, length=17, elements={
0x00000214feaa5e40, 0x00000214feaa7240, 0x00000214feac3060, 0x00000214feac4a10,
0x00000214feac5b50, 0x00000214feac6630, 0x00000214feac9250, 0x00000214fead9c20,
0x00000214feaecd90, 0x00000214ee395bc0, 0x00000214fed77e70, 0x00000214fef3d7c0,
0x00000214fef40740, 0x00000214fef60610, 0x00000214fefd8ef0, 0x00000214ee2cec60,
0x00000214930bfe40
}

Java Threads: ( => current thread )
  0x00000214feaa5e40 JavaThread "Reference Handler" daemon [_thread_blocked, id=26744, stack(0x0000009f62600000,0x0000009f62700000)]
  0x00000214feaa7240 JavaThread "Finalizer" daemon [_thread_blocked, id=23832, stack(0x0000009f62700000,0x0000009f62800000)]
  0x00000214feac3060 JavaThread "Signal Dispatcher" daemon [_thread_blocked, id=27176, stack(0x0000009f62800000,0x0000009f62900000)]
  0x00000214feac4a10 JavaThread "Attach Listener" daemon [_thread_blocked, id=26752, stack(0x0000009f62900000,0x0000009f62a00000)]
  0x00000214feac5b50 JavaThread "Service Thread" daemon [_thread_blocked, id=26688, stack(0x0000009f62a00000,0x0000009f62b00000)]
  0x00000214feac6630 JavaThread "Monitor Deflation Thread" daemon [_thread_blocked, id=19952, stack(0x0000009f62b00000,0x0000009f62c00000)]
  0x00000214feac9250 JavaThread "C2 CompilerThread0" daemon [_thread_in_native, id=26028, stack(0x0000009f62c00000,0x0000009f62d00000)]
=>0x00000214fead9c20 JavaThread "C1 CompilerThread0" daemon [_thread_in_native, id=26800, stack(0x0000009f62d00000,0x0000009f62e00000)]
  0x00000214feaecd90 JavaThread "Sweeper thread" daemon [_thread_blocked, id=26232, stack(0x0000009f62e00000,0x0000009f62f00000)]
  0x00000214ee395bc0 JavaThread "Common-Cleaner" daemon [_thread_blocked, id=26224, stack(0x0000009f62f00000,0x0000009f63000000)]
  0x00000214fed77e70 JavaThread "Notification Thread" daemon [_thread_blocked, id=25436, stack(0x0000009f63000000,0x0000009f63100000)]
  0x00000214fef3d7c0 JavaThread "Java2D Disposer" daemon [_thread_blocked, id=26884, stack(0x0000009f63300000,0x0000009f63400000)]
  0x00000214fef40740 JavaThread "AWT-Shutdown" [_thread_blocked, id=14212, stack(0x0000009f63400000,0x0000009f63500000)]
  0x00000214fef60610 JavaThread "AWT-Windows" daemon [_thread_in_native, id=27140, stack(0x0000009f63500000,0x0000009f63600000)]
  0x00000214fefd8ef0 JavaThread "AWT-EventQueue-0" [_thread_in_native, id=26896, stack(0x0000009f63600000,0x0000009f63700000)]
  0x00000214ee2cec60 JavaThread "DestroyJavaVM" [_thread_blocked, id=27144, stack(0x0000009f61f00000,0x0000009f62000000)]
  0x00000214930bfe40 JavaThread "C2 CompilerThread1" daemon [_thread_in_native, id=21224, stack(0x0000009f63200000,0x0000009f63300000)]

Other Threads:
  0x00000214feaa26a0 VMThread "VM Thread" [stack: 0x0000009f62500000,0x0000009f62600000] [id=21052]
  0x00000214fed94c30 WatcherThread "VM Periodic Task Thread" [stack: 0x0000009f63100000,0x0000009f63200000] [id=26808]
  0x00000214ee32d560 WorkerThread "GC Thread#0" [stack: 0x0000009f62000000,0x0000009f62100000] [id=18636]
  0x00000214930c0ef0 WorkerThread "GC Thread#1" [stack: 0x0000009f63700000,0x0000009f63800000] [id=27376]
  0x0000021493808070 WorkerThread "GC Thread#2" [stack: 0x0000009f63800000,0x0000009f63900000] [id=27156]
  0x0000021493808310 WorkerThread "GC Thread#3" [stack: 0x0000009f63900000,0x0000009f63a00000] [id=25968]
  0x00000214ee33e0d0 ConcurrentGCThread "G1 Main Marker" [stack: 0x0000009f62100000,0x0000009f62200000] [id=23100]
  0x00000214ee340270 WorkerThread "G1 Conc#0" [stack: 0x0000009f62200000,0x0000009f62300000] [id=27196]
  0x00000214ee37f380 ConcurrentGCThread "G1 Refine#0" [stack: 0x0000009f62300000,0x0000009f62400000] [id=27148]
  0x00000214ee37fc90 ConcurrentGCThread "G1 Service" [stack: 0x0000009f62400000,0x0000009f62500000] [id=26804]

Threads with active compile tasks:
C2 CompilerThread0      908 1035       4       java.lang.String::hashCode (60 bytes)
C1 CompilerThread0      908 1026   !   3       sun.font.TrueTypeFont::getAllFullNames (30 bytes)
C2 CompilerThread1      908 1014   !   4       sun.font.TrueTypeFont::getTableBuffer (215 bytes)

VM state: not at safepoint (normal execution)

VM Mutex/Monitor currently owned by a thread: None

Heap address: 0x0000000081e00000, size: 2018 MB, Compressed Oops mode: 32-bit

CDS archive(s) mapped at: [0x0000000800000000-0x0000000800ba0000-0x0000000800ba0000), size 12189696, SharedBaseAddress: 0x0000000800000000, ArchiveRelocationMode: 0.
Compressed class space mapped at: 0x0000000800c00000-0x0000000840c00000, reserved size: 1073741824
Narrow klass base: 0x0000000800000000, Narrow klass shift: 0, Narrow klass range: 0x100000000

GC Precious Log:
 CardTable entry size: 512
 Card Set container configuration: InlinePtr #cards 5 size 8 Array Of Cards #cards 12 size 40 Howl #buckets 4 coarsen threshold 1843 Howl Bitmap #cards 512 size 80 coarsen threshold 460 Card regions per heap region 1 cards per card region 2048
 CPUs: 4 total, 4 available
 Memory: 8066M
 Large Page Support: Disabled
 NUMA Support: Disabled
 Compressed Oops: Enabled (32-bit)
 Heap Region Size: 1M
 Heap Min Capacity: 8M
 Heap Initial Capacity: 128M
 Heap Max Capacity: 2018M
 Pre-touch: Disabled
 Parallel Workers: 4
 Concurrent Workers: 1
 Concurrent Refinement Workers: 4
 Periodic GC: Disabled

Heap:
 garbage-first heap   total 131072K, used 7876K [0x0000000081e00000, 0x0000000100000000)
  region size 1024K, 4 young (4096K), 2 survivors (2048K)
 Metaspace       used 6505K, committed 6720K, reserved 1114112K
  class space    used 684K, committed 832K, reserved 1048576K

Heap Regions: E=young(eden), S=young(survivor), O=old, HS=humongous(starts), HC=humongous(continues), CS=collection set, F=free, OA=open archive, CA=closed archive, TAMS=top-at-mark-start (previous, next)
|   0|0x0000000081e00000, 0x0000000081f00000, 0x0000000081f00000|100%|HS|  |TAMS 0x0000000081e00000, 0x0000000081e00000| Complete 
|   1|0x0000000081f00000, 0x0000000082000000, 0x0000000082000000|100%|HC|  |TAMS 0x0000000081f00000, 0x0000000081f00000| Complete 
|   2|0x0000000082000000, 0x0000000082100000, 0x0000000082100000|100%|HC|  |TAMS 0x0000000082000000, 0x0000000082000000| Complete 
|   3|0x0000000082100000, 0x0000000082200000, 0x0000000082200000|100%|HC|  |TAMS 0x0000000082100000, 0x0000000082100000| Complete 
|   4|0x0000000082200000, 0x00000000822b1200, 0x0000000082300000| 69%| O|  |TAMS 0x0000000082200000, 0x0000000082200000| Untracked 
|   5|0x0000000082300000, 0x0000000082300000, 0x0000000082400000|  0%| F|  |TAMS 0x0000000082300000, 0x0000000082300000| Untracked 
|   6|0x0000000082400000, 0x0000000082400000, 0x0000000082500000|  0%| F|  |TAMS 0x0000000082400000, 0x0000000082400000| Untracked 
|   7|0x0000000082500000, 0x0000000082500000, 0x0000000082600000|  0%| F|  |TAMS 0x0000000082500000, 0x0000000082500000| Untracked 
|   8|0x0000000082600000, 0x0000000082600000, 0x0000000082700000|  0%| F|  |TAMS 0x0000000082600000, 0x0000000082600000| Untracked 
|   9|0x0000000082700000, 0x0000000082700000, 0x0000000082800000|  0%| F|  |TAMS 0x0000000082700000, 0x0000000082700000| Untracked 
|  10|0x0000000082800000, 0x0000000082800000, 0x0000000082900000|  0%| F|  |TAMS 0x0000000082800000, 0x0000000082800000| Untracked 
|  11|0x0000000082900000, 0x0000000082900000, 0x0000000082a00000|  0%| F|  |TAMS 0x0000000082900000, 0x0000000082900000| Untracked 
|  12|0x0000000082a00000, 0x0000000082a00000, 0x0000000082b00000|  0%| F|  |TAMS 0x0000000082a00000, 0x0000000082a00000| Untracked 
|  13|0x0000000082b00000, 0x0000000082b00000, 0x0000000082c00000|  0%| F|  |TAMS 0x0000000082b00000, 0x0000000082b00000| Untracked 
|  14|0x0000000082c00000, 0x0000000082c00000, 0x0000000082d00000|  0%| F|  |TAMS 0x0000000082c00000, 0x0000000082c00000| Untracked 
|  15|0x0000000082d00000, 0x0000000082d00000, 0x0000000082e00000|  0%| F|  |TAMS 0x0000000082d00000, 0x0000000082d00000| Untracked 
|  16|0x0000000082e00000, 0x0000000082e00000, 0x0000000082f00000|  0%| F|  |TAMS 0x0000000082e00000, 0x0000000082e00000| Untracked 
|  17|0x0000000082f00000, 0x0000000082f00000, 0x0000000083000000|  0%| F|  |TAMS 0x0000000082f00000, 0x0000000082f00000| Untracked 
|  18|0x0000000083000000, 0x0000000083000000, 0x0000000083100000|  0%| F|  |TAMS 0x0000000083000000, 0x0000000083000000| Untracked 
|  19|0x0000000083100000, 0x0000000083100000, 0x0000000083200000|  0%| F|  |TAMS 0x0000000083100000, 0x0000000083100000| Untracked 
|  20|0x0000000083200000, 0x0000000083200000, 0x0000000083300000|  0%| F|  |TAMS 0x0000000083200000, 0x0000000083200000| Untracked 
|  21|0x0000000083300000, 0x0000000083300000, 0x0000000083400000|  0%| F|  |TAMS 0x0000000083300000, 0x0000000083300000| Untracked 
|  22|0x0000000083400000, 0x0000000083400000, 0x0000000083500000|  0%| F|  |TAMS 0x0000000083400000, 0x0000000083400000| Untracked 
|  23|0x0000000083500000, 0x0000000083500000, 0x0000000083600000|  0%| F|  |TAMS 0x0000000083500000, 0x0000000083500000| Untracked 
|  24|0x0000000083600000, 0x0000000083600000, 0x0000000083700000|  0%| F|  |TAMS 0x0000000083600000, 0x0000000083600000| Untracked 
|  25|0x0000000083700000, 0x0000000083700000, 0x0000000083800000|  0%| F|  |TAMS 0x0000000083700000, 0x0000000083700000| Untracked 
|  26|0x0000000083800000, 0x0000000083800000, 0x0000000083900000|  0%| F|  |TAMS 0x0000000083800000, 0x0000000083800000| Untracked 
|  27|0x0000000083900000, 0x0000000083900000, 0x0000000083a00000|  0%| F|  |TAMS 0x0000000083900000, 0x0000000083900000| Untracked 
|  28|0x0000000083a00000, 0x0000000083a00000, 0x0000000083b00000|  0%| F|  |TAMS 0x0000000083a00000, 0x0000000083a00000| Untracked 
|  29|0x0000000083b00000, 0x0000000083b00000, 0x0000000083c00000|  0%| F|  |TAMS 0x0000000083b00000, 0x0000000083b00000| Untracked 
|  30|0x0000000083c00000, 0x0000000083c00000, 0x0000000083d00000|  0%| F|  |TAMS 0x0000000083c00000, 0x0000000083c00000| Untracked 
|  31|0x0000000083d00000, 0x0000000083d00000, 0x0000000083e00000|  0%| F|  |TAMS 0x0000000083d00000, 0x0000000083d00000| Untracked 
|  32|0x0000000083e00000, 0x0000000083e00000, 0x0000000083f00000|  0%| F|  |TAMS 0x0000000083e00000, 0x0000000083e00000| Untracked 
|  33|0x0000000083f00000, 0x0000000083f00000, 0x0000000084000000|  0%| F|  |TAMS 0x0000000083f00000, 0x0000000083f00000| Untracked 
|  34|0x0000000084000000, 0x0000000084000000, 0x0000000084100000|  0%| F|  |TAMS 0x0000000084000000, 0x0000000084000000| Untracked 
|  35|0x0000000084100000, 0x0000000084100000, 0x0000000084200000|  0%| F|  |TAMS 0x0000000084100000, 0x0000000084100000| Untracked 
|  36|0x0000000084200000, 0x0000000084200000, 0x0000000084300000|  0%| F|  |TAMS 0x0000000084200000, 0x0000000084200000| Untracked 
|  37|0x0000000084300000, 0x0000000084300000, 0x0000000084400000|  0%| F|  |TAMS 0x0000000084300000, 0x0000000084300000| Untracked 
|  38|0x0000000084400000, 0x0000000084400000, 0x0000000084500000|  0%| F|  |TAMS 0x0000000084400000, 0x0000000084400000| Untracked 
|  39|0x0000000084500000, 0x0000000084500000, 0x0000000084600000|  0%| F|  |TAMS 0x0000000084500000, 0x0000000084500000| Untracked 
|  40|0x0000000084600000, 0x0000000084600000, 0x0000000084700000|  0%| F|  |TAMS 0x0000000084600000, 0x0000000084600000| Untracked 
|  41|0x0000000084700000, 0x0000000084700000, 0x0000000084800000|  0%| F|  |TAMS 0x0000000084700000, 0x0000000084700000| Untracked 
|  42|0x0000000084800000, 0x0000000084800000, 0x0000000084900000|  0%| F|  |TAMS 0x0000000084800000, 0x0000000084800000| Untracked 
|  43|0x0000000084900000, 0x0000000084900000, 0x0000000084a00000|  0%| F|  |TAMS 0x0000000084900000, 0x0000000084900000| Untracked 
|  44|0x0000000084a00000, 0x0000000084a00000, 0x0000000084b00000|  0%| F|  |TAMS 0x0000000084a00000, 0x0000000084a00000| Untracked 
|  45|0x0000000084b00000, 0x0000000084b00000, 0x0000000084c00000|  0%| F|  |TAMS 0x0000000084b00000, 0x0000000084b00000| Untracked 
|  46|0x0000000084c00000, 0x0000000084c00000, 0x0000000084d00000|  0%| F|  |TAMS 0x0000000084c00000, 0x0000000084c00000| Untracked 
|  47|0x0000000084d00000, 0x0000000084d00000, 0x0000000084e00000|  0%| F|  |TAMS 0x0000000084d00000, 0x0000000084d00000| Untracked 
|  48|0x0000000084e00000, 0x0000000084e00000, 0x0000000084f00000|  0%| F|  |TAMS 0x0000000084e00000, 0x0000000084e00000| Untracked 
|  49|0x0000000084f00000, 0x0000000084f00000, 0x0000000085000000|  0%| F|  |TAMS 0x0000000084f00000, 0x0000000084f00000| Untracked 
|  50|0x0000000085000000, 0x0000000085000000, 0x0000000085100000|  0%| F|  |TAMS 0x0000000085000000, 0x0000000085000000| Untracked 
|  51|0x0000000085100000, 0x0000000085100000, 0x0000000085200000|  0%| F|  |TAMS 0x0000000085100000, 0x0000000085100000| Untracked 
|  52|0x0000000085200000, 0x0000000085200000, 0x0000000085300000|  0%| F|  |TAMS 0x0000000085200000, 0x0000000085200000| Untracked 
|  53|0x0000000085300000, 0x0000000085300000, 0x0000000085400000|  0%| F|  |TAMS 0x0000000085300000, 0x0000000085300000| Untracked 
|  54|0x0000000085400000, 0x0000000085400000, 0x0000000085500000|  0%| F|  |TAMS 0x0000000085400000, 0x0000000085400000| Untracked 
|  55|0x0000000085500000, 0x0000000085500000, 0x0000000085600000|  0%| F|  |TAMS 0x0000000085500000, 0x0000000085500000| Untracked 
|  56|0x0000000085600000, 0x0000000085600000, 0x0000000085700000|  0%| F|  |TAMS 0x0000000085600000, 0x0000000085600000| Untracked 
|  57|0x0000000085700000, 0x0000000085700000, 0x0000000085800000|  0%| F|  |TAMS 0x0000000085700000, 0x0000000085700000| Untracked 
|  58|0x0000000085800000, 0x0000000085800000, 0x0000000085900000|  0%| F|  |TAMS 0x0000000085800000, 0x0000000085800000| Untracked 
|  59|0x0000000085900000, 0x0000000085900000, 0x0000000085a00000|  0%| F|  |TAMS 0x0000000085900000, 0x0000000085900000| Untracked 
|  60|0x0000000085a00000, 0x0000000085a00000, 0x0000000085b00000|  0%| F|  |TAMS 0x0000000085a00000, 0x0000000085a00000| Untracked 
|  61|0x0000000085b00000, 0x0000000085b00000, 0x0000000085c00000|  0%| F|  |TAMS 0x0000000085b00000, 0x0000000085b00000| Untracked 
|  62|0x0000000085c00000, 0x0000000085c00000, 0x0000000085d00000|  0%| F|  |TAMS 0x0000000085c00000, 0x0000000085c00000| Untracked 
|  63|0x0000000085d00000, 0x0000000085d00000, 0x0000000085e00000|  0%| F|  |TAMS 0x0000000085d00000, 0x0000000085d00000| Untracked 
|  64|0x0000000085e00000, 0x0000000085e00000, 0x0000000085f00000|  0%| F|  |TAMS 0x0000000085e00000, 0x0000000085e00000| Untracked 
|  65|0x0000000085f00000, 0x0000000085f00000, 0x0000000086000000|  0%| F|  |TAMS 0x0000000085f00000, 0x0000000085f00000| Untracked 
|  66|0x0000000086000000, 0x0000000086000000, 0x0000000086100000|  0%| F|  |TAMS 0x0000000086000000, 0x0000000086000000| Untracked 
|  67|0x0000000086100000, 0x0000000086100000, 0x0000000086200000|  0%| F|  |TAMS 0x0000000086100000, 0x0000000086100000| Untracked 
|  68|0x0000000086200000, 0x0000000086200000, 0x0000000086300000|  0%| F|  |TAMS 0x0000000086200000, 0x0000000086200000| Untracked 
|  69|0x0000000086300000, 0x0000000086300000, 0x0000000086400000|  0%| F|  |TAMS 0x0000000086300000, 0x0000000086300000| Untracked 
|  70|0x0000000086400000, 0x0000000086400000, 0x0000000086500000|  0%| F|  |TAMS 0x0000000086400000, 0x0000000086400000| Untracked 
|  71|0x0000000086500000, 0x0000000086500000, 0x0000000086600000|  0%| F|  |TAMS 0x0000000086500000, 0x0000000086500000| Untracked 
|  72|0x0000000086600000, 0x0000000086600000, 0x0000000086700000|  0%| F|  |TAMS 0x0000000086600000, 0x0000000086600000| Untracked 
|  73|0x0000000086700000, 0x0000000086700000, 0x0000000086800000|  0%| F|  |TAMS 0x0000000086700000, 0x0000000086700000| Untracked 
|  74|0x0000000086800000, 0x0000000086800000, 0x0000000086900000|  0%| F|  |TAMS 0x0000000086800000, 0x0000000086800000| Untracked 
|  75|0x0000000086900000, 0x0000000086900000, 0x0000000086a00000|  0%| F|  |TAMS 0x0000000086900000, 0x0000000086900000| Untracked 
|  76|0x0000000086a00000, 0x0000000086a00000, 0x0000000086b00000|  0%| F|  |TAMS 0x0000000086a00000, 0x0000000086a00000| Untracked 
|  77|0x0000000086b00000, 0x0000000086b00000, 0x0000000086c00000|  0%| F|  |TAMS 0x0000000086b00000, 0x0000000086b00000| Untracked 
|  78|0x0000000086c00000, 0x0000000086c00000, 0x0000000086d00000|  0%| F|  |TAMS 0x0000000086c00000, 0x0000000086c00000| Untracked 
|  79|0x0000000086d00000, 0x0000000086d00000, 0x0000000086e00000|  0%| F|  |TAMS 0x0000000086d00000, 0x0000000086d00000| Untracked 
|  80|0x0000000086e00000, 0x0000000086e00000, 0x0000000086f00000|  0%| F|  |TAMS 0x0000000086e00000, 0x0000000086e00000| Untracked 
|  81|0x0000000086f00000, 0x0000000086f00000, 0x0000000087000000|  0%| F|  |TAMS 0x0000000086f00000, 0x0000000086f00000| Untracked 
|  82|0x0000000087000000, 0x0000000087000000, 0x0000000087100000|  0%| F|  |TAMS 0x0000000087000000, 0x0000000087000000| Untracked 
|  83|0x0000000087100000, 0x0000000087100000, 0x0000000087200000|  0%| F|  |TAMS 0x0000000087100000, 0x0000000087100000| Untracked 
|  84|0x0000000087200000, 0x0000000087200000, 0x0000000087300000|  0%| F|  |TAMS 0x0000000087200000, 0x0000000087200000| Untracked 
|  85|0x0000000087300000, 0x0000000087300000, 0x0000000087400000|  0%| F|  |TAMS 0x0000000087300000, 0x0000000087300000| Untracked 
|  86|0x0000000087400000, 0x0000000087400000, 0x0000000087500000|  0%| F|  |TAMS 0x0000000087400000, 0x0000000087400000| Untracked 
|  87|0x0000000087500000, 0x0000000087500000, 0x0000000087600000|  0%| F|  |TAMS 0x0000000087500000, 0x0000000087500000| Untracked 
|  88|0x0000000087600000, 0x0000000087600000, 0x0000000087700000|  0%| F|  |TAMS 0x0000000087600000, 0x0000000087600000| Untracked 
|  89|0x0000000087700000, 0x0000000087700000, 0x0000000087800000|  0%| F|  |TAMS 0x0000000087700000, 0x0000000087700000| Untracked 
|  90|0x0000000087800000, 0x0000000087800000, 0x0000000087900000|  0%| F|  |TAMS 0x0000000087800000, 0x0000000087800000| Untracked 
|  91|0x0000000087900000, 0x0000000087900000, 0x0000000087a00000|  0%| F|  |TAMS 0x0000000087900000, 0x0000000087900000| Untracked 
|  92|0x0000000087a00000, 0x0000000087a00000, 0x0000000087b00000|  0%| F|  |TAMS 0x0000000087a00000, 0x0000000087a00000| Untracked 
|  93|0x0000000087b00000, 0x0000000087b00000, 0x0000000087c00000|  0%| F|  |TAMS 0x0000000087b00000, 0x0000000087b00000| Untracked 
|  94|0x0000000087c00000, 0x0000000087c00000, 0x0000000087d00000|  0%| F|  |TAMS 0x0000000087c00000, 0x0000000087c00000| Untracked 
|  95|0x0000000087d00000, 0x0000000087d00000, 0x0000000087e00000|  0%| F|  |TAMS 0x0000000087d00000, 0x0000000087d00000| Untracked 
|  96|0x0000000087e00000, 0x0000000087e00000, 0x0000000087f00000|  0%| F|  |TAMS 0x0000000087e00000, 0x0000000087e00000| Untracked 
|  97|0x0000000087f00000, 0x0000000087f00000, 0x0000000088000000|  0%| F|  |TAMS 0x0000000087f00000, 0x0000000087f00000| Untracked 
|  98|0x0000000088000000, 0x0000000088000000, 0x0000000088100000|  0%| F|  |TAMS 0x0000000088000000, 0x0000000088000000| Untracked 
|  99|0x0000000088100000, 0x0000000088100000, 0x0000000088200000|  0%| F|  |TAMS 0x0000000088100000, 0x0000000088100000| Untracked 
| 100|0x0000000088200000, 0x0000000088200000, 0x0000000088300000|  0%| F|  |TAMS 0x0000000088200000, 0x0000000088200000| Untracked 
| 101|0x0000000088300000, 0x0000000088300000, 0x0000000088400000|  0%| F|  |TAMS 0x0000000088300000, 0x0000000088300000| Untracked 
| 102|0x0000000088400000, 0x0000000088400000, 0x0000000088500000|  0%| F|  |TAMS 0x0000000088400000, 0x0000000088400000| Untracked 
| 103|0x0000000088500000, 0x0000000088500000, 0x0000000088600000|  0%| F|  |TAMS 0x0000000088500000, 0x0000000088500000| Untracked 
| 104|0x0000000088600000, 0x0000000088600000, 0x0000000088700000|  0%| F|  |TAMS 0x0000000088600000, 0x0000000088600000| Untracked 
| 105|0x0000000088700000, 0x0000000088700000, 0x0000000088800000|  0%| F|  |TAMS 0x0000000088700000, 0x0000000088700000| Untracked 
| 106|0x0000000088800000, 0x0000000088800000, 0x0000000088900000|  0%| F|  |TAMS 0x0000000088800000, 0x0000000088800000| Untracked 
| 107|0x0000000088900000, 0x0000000088900000, 0x0000000088a00000|  0%| F|  |TAMS 0x0000000088900000, 0x0000000088900000| Untracked 
| 108|0x0000000088a00000, 0x0000000088a00000, 0x0000000088b00000|  0%| F|  |TAMS 0x0000000088a00000, 0x0000000088a00000| Untracked 
| 109|0x0000000088b00000, 0x0000000088b00000, 0x0000000088c00000|  0%| F|  |TAMS 0x0000000088b00000, 0x0000000088b00000| Untracked 
| 110|0x0000000088c00000, 0x0000000088c00000, 0x0000000088d00000|  0%| F|  |TAMS 0x0000000088c00000, 0x0000000088c00000| Untracked 
| 111|0x0000000088d00000, 0x0000000088d00000, 0x0000000088e00000|  0%| F|  |TAMS 0x0000000088d00000, 0x0000000088d00000| Untracked 
| 112|0x0000000088e00000, 0x0000000088e00000, 0x0000000088f00000|  0%| F|  |TAMS 0x0000000088e00000, 0x0000000088e00000| Untracked 
| 113|0x0000000088f00000, 0x0000000089000000, 0x0000000089000000|100%| S|CS|TAMS 0x0000000088f00000, 0x0000000088f00000| Complete 
| 114|0x0000000089000000, 0x0000000089100000, 0x0000000089100000|100%| S|CS|TAMS 0x0000000089000000, 0x0000000089000000| Complete 
| 115|0x0000000089100000, 0x0000000089100000, 0x0000000089200000|  0%| F|  |TAMS 0x0000000089100000, 0x0000000089100000| Untracked 
| 116|0x0000000089200000, 0x0000000089200000, 0x0000000089300000|  0%| F|  |TAMS 0x0000000089200000, 0x0000000089200000| Untracked 
| 117|0x0000000089300000, 0x0000000089300000, 0x0000000089400000|  0%| F|  |TAMS 0x0000000089300000, 0x0000000089300000| Untracked 
| 118|0x0000000089400000, 0x0000000089400000, 0x0000000089500000|  0%| F|  |TAMS 0x0000000089400000, 0x0000000089400000| Untracked 
| 119|0x0000000089500000, 0x0000000089500000, 0x0000000089600000|  0%| F|  |TAMS 0x0000000089500000, 0x0000000089500000| Untracked 
| 120|0x0000000089600000, 0x0000000089600000, 0x0000000089700000|  0%| F|  |TAMS 0x0000000089600000, 0x0000000089600000| Untracked 
| 121|0x0000000089700000, 0x0000000089700000, 0x0000000089800000|  0%| F|  |TAMS 0x0000000089700000, 0x0000000089700000| Untracked 
| 122|0x0000000089800000, 0x0000000089800000, 0x0000000089900000|  0%| F|  |TAMS 0x0000000089800000, 0x0000000089800000| Untracked 
| 123|0x0000000089900000, 0x0000000089900000, 0x0000000089a00000|  0%| F|  |TAMS 0x0000000089900000, 0x0000000089900000| Untracked 
| 124|0x0000000089a00000, 0x0000000089a00000, 0x0000000089b00000|  0%| F|  |TAMS 0x0000000089a00000, 0x0000000089a00000| Untracked 
| 125|0x0000000089b00000, 0x0000000089b00000, 0x0000000089c00000|  0%| F|  |TAMS 0x0000000089b00000, 0x0000000089b00000| Untracked 
| 126|0x0000000089c00000, 0x0000000089c9db80, 0x0000000089d00000| 61%| E|  |TAMS 0x0000000089c00000, 0x0000000089c00000| Complete 
| 127|0x0000000089d00000, 0x0000000089e00000, 0x0000000089e00000|100%| E|CS|TAMS 0x0000000089d00000, 0x0000000089d00000| Complete 

Card table byte_map: [0x00000214f7dd0000,0x00000214f81d0000] _byte_map_base: 0x00000214f79c1000

Marking Bits (Prev, Next): (CMBitMap*) 0x00000214ee32db60, (CMBitMap*) 0x00000214ee32dba0
 Prev Bits: [0x00000214f85d0000, 0x00000214fa558000)
 Next Bits: [0x00000214fa560000, 0x00000214fc4e8000)

Polling page: 0x00000214ee130000

Metaspace:

Usage:
  Non-class:      5.72 MB used.
      Class:    693.22 KB used.
       Both:      6.40 MB used.

Virtual space:
  Non-class space:       64.00 MB reserved,       5.81 MB (  9%) committed,  1 nodes.
      Class space:        1.00 GB reserved,     832.00 KB ( <1%) committed,  1 nodes.
             Both:        1.06 GB reserved,       6.62 MB ( <1%) committed. 

Chunk freelists:
   Non-Class:  2.13 MB
       Class:  3.24 MB
        Both:  5.37 MB

MaxMetaspaceSize: unlimited
CompressedClassSpaceSize: 1.00 GB
Initial GC threshold: 21.00 MB
Current GC threshold: 21.00 MB
CDS: on
MetaspaceReclaimPolicy: balanced
 - commit_granule_bytes: 65536.
 - commit_granule_words: 8192.
 - virtual_space_node_default_size: 8388608.
 - enlarge_chunks_in_place: 1.
 - new_chunks_are_fully_committed: 0.
 - uncommit_free_chunks: 1.
 - use_allocation_guard: 0.


Internal statistics:

num_allocs_failed_limit: 0.
num_arena_births: 114.
num_arena_deaths: 0.
num_vsnodes_births: 2.
num_vsnodes_deaths: 0.
num_space_committed: 106.
num_space_uncommitted: 0.
num_chunks_returned_to_freelist: 0.
num_chunks_taken_from_freelist: 159.
num_chunk_merges: 0.
num_chunk_splits: 87.
num_chunks_enlarged: 22.
num_inconsistent_stats: 0.

CodeHeap 'non-profiled nmethods': size=120000Kb used=287Kb max_used=287Kb free=119712Kb
 bounds [0x0000021487ad0000, 0x0000021487d40000, 0x000002148f000000]
CodeHeap 'profiled nmethods': size=120000Kb used=1642Kb max_used=1642Kb free=118357Kb
 bounds [0x00000214805a0000, 0x0000021480810000, 0x0000021487ad0000]
CodeHeap 'non-nmethods': size=5760Kb used=1257Kb max_used=1272Kb free=4502Kb
 bounds [0x0000021480000000, 0x0000021480270000, 0x00000214805a0000]
 total_blobs=1596 nmethods=1031 adapters=478
 compilation: enabled
              stopped_count=0, restarted_count=0
 full_count=0

Compilation events (20 events):
Event: 0.854 Thread 0x00000214fead9c20 1012       3       java.io.RandomAccessFile$1::close (11 bytes)
Event: 0.855 Thread 0x00000214930bfe40 nmethod 1013 0x0000021487b12f10 code [0x0000021487b13080, 0x0000021487b13118]
Event: 0.855 Thread 0x00000214fead9c20 nmethod 1012 0x0000021480738690 code [0x0000021480738860, 0x0000021480738d58]
Event: 0.855 Thread 0x00000214fead9c20 1009       3       java.util.HashSet::toArray (16 bytes)
Event: 0.855 Thread 0x00000214fead9c20 nmethod 1009 0x0000021480738f90 code [0x0000021480739140, 0x0000021480739358]
Event: 0.856 Thread 0x00000214930bfe40 1014   !   4       sun.font.TrueTypeFont::getTableBuffer (215 bytes)
Event: 0.857 Thread 0x00000214fead9c20 1015       3       java.lang.StringUTF16::newBytesFor (61 bytes)
Event: 0.858 Thread 0x00000214fead9c20 nmethod 1015 0x0000021480739410 code [0x0000021480739680, 0x0000021480739f68]
Event: 0.858 Thread 0x00000214fead9c20 1016       3       sun.nio.ch.FileChannelImpl::open (16 bytes)
Event: 0.859 Thread 0x00000214fead9c20 nmethod 1016 0x000002148073a290 code [0x000002148073a440, 0x000002148073a608]
Event: 0.861 Thread 0x00000214feac9250 1017       4       java.nio.ByteBuffer::<init> (47 bytes)
Event: 0.864 Thread 0x00000214feac9250 nmethod 1017 0x0000021487b13210 code [0x0000021487b133a0, 0x0000021487b13698]
Event: 0.864 Thread 0x00000214feac9250 1018       4       java.nio.ByteBuffer::position (6 bytes)
Event: 0.865 Thread 0x00000214feac9250 nmethod 1018 0x0000021487b13810 code [0x0000021487b139a0, 0x0000021487b13a98]
Event: 0.867 Thread 0x00000214feac9250 1019   !   4       java.nio.Buffer::checkScope (30 bytes)
Event: 0.868 Thread 0x00000214feac9250 nmethod 1019 0x0000021487b13b90 code [0x0000021487b13d00, 0x0000021487b13d98]
Event: 0.869 Thread 0x00000214feac9250 1020       4       java.nio.channels.spi.AbstractInterruptibleChannel::begin (48 bytes)
Event: 0.870 Thread 0x00000214fead9c20 1021       3       sun.nio.ch.FileDispatcherImpl::size (5 bytes)
Event: 0.870 Thread 0x00000214fead9c20 nmethod 1021 0x000002148073a710 code [0x000002148073a8a0, 0x000002148073a9e8]
Event: 0.874 Thread 0x00000214fead9c20 1026   !   3       sun.font.TrueTypeFont::getAllFullNames (30 bytes)

GC Heap History (0 events):
No events

Deoptimization events (20 events):
Event: 0.482 Thread 0x00000214ee2cec60 Uncommon trap: trap_request=0xffffff45 fr.pc=0x0000021487af8de8 relative=0x00000000000004a8
Event: 0.482 Thread 0x00000214ee2cec60 Uncommon trap: reason=unstable_if action=reinterpret pc=0x0000021487af8de8 method=java.lang.StringLatin1.replace([BCC)Ljava/lang/String; @ 19 c2
Event: 0.482 Thread 0x00000214ee2cec60 DEOPT PACKING pc=0x0000021487af8de8 sp=0x0000009f61ffe720
Event: 0.482 Thread 0x00000214ee2cec60 DEOPT UNPACKING pc=0x00000214800523a3 sp=0x0000009f61ffe6a0 mode 2
Event: 0.565 Thread 0x00000214fefd8ef0 Uncommon trap: trap_request=0xffffff45 fr.pc=0x0000021487b02dd8 relative=0x0000000000000518
Event: 0.565 Thread 0x00000214fefd8ef0 Uncommon trap: reason=unstable_if action=reinterpret pc=0x0000021487b02dd8 method=java.lang.StringLatin1.toLowerCase(Ljava/lang/String;[BLjava/util/Locale;)Ljava/lang/String; @ 43 c2
Event: 0.565 Thread 0x00000214fefd8ef0 DEOPT PACKING pc=0x0000021487b02dd8 sp=0x0000009f636fd390
Event: 0.565 Thread 0x00000214fefd8ef0 DEOPT UNPACKING pc=0x00000214800523a3 sp=0x0000009f636fd300 mode 2
Event: 0.662 Thread 0x00000214fefd8ef0 DEOPT PACKING pc=0x00000214805d0b67 sp=0x0000009f636fd050
Event: 0.662 Thread 0x00000214fefd8ef0 DEOPT UNPACKING pc=0x0000021480052b43 sp=0x0000009f636fc470 mode 0
Event: 0.784 Thread 0x00000214fefd8ef0 DEOPT PACKING pc=0x00000214805a8ed1 sp=0x0000009f636fcca0
Event: 0.784 Thread 0x00000214fefd8ef0 DEOPT UNPACKING pc=0x0000021480052b43 sp=0x0000009f636fc118 mode 0
Event: 0.829 Thread 0x00000214fefd8ef0 Uncommon trap: trap_request=0xffffff45 fr.pc=0x0000021487ad9b3c relative=0x000000000000009c
Event: 0.829 Thread 0x00000214fefd8ef0 Uncommon trap: reason=unstable_if action=reinterpret pc=0x0000021487ad9b3c method=java.lang.String.isLatin1()Z @ 10 c2
Event: 0.829 Thread 0x00000214fefd8ef0 DEOPT PACKING pc=0x0000021487ad9b3c sp=0x0000009f636fd1a0
Event: 0.829 Thread 0x00000214fefd8ef0 DEOPT UNPACKING pc=0x00000214800523a3 sp=0x0000009f636fd0d0 mode 2
Event: 0.851 Thread 0x00000214fefd8ef0 Uncommon trap: trap_request=0xffffff45 fr.pc=0x0000021487b10c64 relative=0x00000000000003a4
Event: 0.851 Thread 0x00000214fefd8ef0 Uncommon trap: reason=unstable_if action=reinterpret pc=0x0000021487b10c64 method=java.lang.Character.isSurrogate(C)Z @ 3 c2
Event: 0.851 Thread 0x00000214fefd8ef0 DEOPT PACKING pc=0x0000021487b10c64 sp=0x0000009f636fce70
Event: 0.851 Thread 0x00000214fefd8ef0 DEOPT UNPACKING pc=0x00000214800523a3 sp=0x0000009f636fcd88 mode 2

Classes loaded (20 events):
Event: 0.563 Loading class sun/font/TrueTypeFont$DirectoryEntry
Event: 0.563 Loading class sun/font/TrueTypeFont$DirectoryEntry done
Event: 0.563 Loading class java/nio/ByteBufferAsShortBufferB
Event: 0.563 Loading class java/nio/ShortBuffer
Event: 0.563 Loading class java/nio/ShortBuffer done
Event: 0.563 Loading class java/nio/ByteBufferAsShortBufferB done
Event: 0.564 Loading class sun/nio/cs/UTF_16$Decoder
Event: 0.564 Loading class sun/nio/cs/UnicodeDecoder
Event: 0.564 Loading class sun/nio/cs/UnicodeDecoder done
Event: 0.564 Loading class sun/nio/cs/UTF_16$Decoder done
Event: 0.566 Loading class sun/font/SunFontManager$3
Event: 0.566 Loading class sun/font/SunFontManager$3 done
Event: 0.590 Loading class jdk/internal/misc/ScopedMemoryAccess$Scope
Event: 0.590 Loading class jdk/internal/misc/ScopedMemoryAccess$Scope done
Event: 0.597 Loading class sun/font/SunFontManager$8
Event: 0.597 Loading class sun/font/SunFontManager$8 done
Event: 0.597 Loading class sun/font/SunFontManager$9
Event: 0.598 Loading class sun/font/SunFontManager$9 done
Event: 0.831 Loading class jdk/internal/access/foreign/MemorySegmentProxy
Event: 0.832 Loading class jdk/internal/access/foreign/MemorySegmentProxy done

Classes unloaded (0 events):
No events

Classes redefined (0 events):
No events

Internal exceptions (16 events):
Event: 0.105 Thread 0x00000214ee2cec60 Exception <a 'sun/nio/fs/WindowsException'{0x0000000089c3a158}> (0x0000000089c3a158) 
thrown [t:\workspace\open\src\hotspot\share\prims\jni.cpp, line 516]
Event: 0.105 Thread 0x00000214ee2cec60 Exception <a 'sun/nio/fs/WindowsException'{0x0000000089c3a628}> (0x0000000089c3a628) 
thrown [t:\workspace\open\src\hotspot\share\prims\jni.cpp, line 516]
Event: 0.107 Thread 0x00000214ee2cec60 Exception <a 'sun/nio/fs/WindowsException'{0x0000000089c3c698}> (0x0000000089c3c698) 
thrown [t:\workspace\open\src\hotspot\share\prims\jni.cpp, line 516]
Event: 0.108 Thread 0x00000214ee2cec60 Exception <a 'sun/nio/fs/WindowsException'{0x0000000089c3d048}> (0x0000000089c3d048) 
thrown [t:\workspace\open\src\hotspot\share\prims\jni.cpp, line 516]
Event: 0.173 Thread 0x00000214ee2cec60 Exception <a 'java/lang/ClassNotFoundException'{0x0000000089b02998}: sun/awt/resources/spi/awtProvider> (0x0000000089b02998) 
thrown [t:\workspace\open\src\hotspot\share\classfile\systemDictionary.cpp, line 255]
Event: 0.206 Thread 0x00000214ee2cec60 Exception <a 'java/io/FileNotFoundException'{0x0000000089b562a0}> (0x0000000089b562a0) 
thrown [t:\workspace\open\src\hotspot\share\prims\jni.cpp, line 516]
Event: 0.216 Thread 0x00000214ee2cec60 Exception <a 'java/io/FileNotFoundException'{0x0000000089b83298}> (0x0000000089b83298) 
thrown [t:\workspace\open\src\hotspot\share\prims\jni.cpp, line 516]
Event: 0.258 Thread 0x00000214ee2cec60 Exception <a 'java/lang/NoSuchMethodError'{0x0000000089bc7a78}: 'java.lang.Object java.lang.invoke.DirectMethodHandle$Holder.invokeStaticInit(java.lang.Object)'> (0x0000000089bc7a78) 
thrown [t:\workspace\open\src\hotspot\share\interpreter\linkResolver.cpp, line 766]
Event: 0.296 Thread 0x00000214ee2cec60 Exception <a 'java/lang/NoSuchMethodError'{0x0000000089a54bd0}: 'void java.lang.invoke.DirectMethodHandle$Holder.invokeSpecial(java.lang.Object, java.lang.Object, java.lang.Object)'> (0x0000000089a54bd0) 
thrown [t:\workspace\open\src\hotspot\share\interpreter\linkResolver.cpp, line 766]
Event: 0.306 Thread 0x00000214ee2cec60 Exception <a 'java/lang/NoSuchMethodError'{0x0000000089a7fc40}: 'java.lang.Object java.lang.invoke.DirectMethodHandle$Holder.newInvokeSpecial(java.lang.Object, java.lang.Object, java.lang.Object, java.lang.Object, java.lang.Object)'> (0x0000000089a7fc40) 
thrown [t:\workspace\open\src\hotspot\share\interpreter\linkResolver.cpp, line 766]
Event: 0.315 Thread 0x00000214ee2cec60 Exception <a 'java/lang/NoSuchMethodError'{0x0000000089ab1998}: 'java.lang.Object java.lang.invoke.DirectMethodHandle$Holder.invokeStatic(java.lang.Object, int, java.lang.Object)'> (0x0000000089ab1998) 
thrown [t:\workspace\open\src\hotspot\share\interpreter\linkResolver.cpp, line 766]
Event: 0.352 Thread 0x00000214ee2cec60 Exception <a 'java/lang/ClassNotFoundException'{0x000000008996ed68}: com/sun/swing/internal/plaf/metal/resources/spi/metalProvider> (0x000000008996ed68) 
thrown [t:\workspace\open\src\hotspot\share\classfile\systemDictionary.cpp, line 255]
Event: 0.353 Thread 0x00000214ee2cec60 Exception <a 'java/lang/ClassNotFoundException'{0x0000000089972df0}: com/sun/swing/internal/plaf/basic/resources/spi/basicProvider> (0x0000000089972df0) 
thrown [t:\workspace\open\src\hotspot\share\classfile\systemDictionary.cpp, line 255]
Event: 0.368 Thread 0x00000214ee2cec60 Exception <a 'java/lang/NoSuchMethodError'{0x00000000899934f0}: 'int java.lang.invoke.Invokers$Holder.invokeExact_MT(java.lang.Object, java.lang.Object)'> (0x00000000899934f0) 
thrown [t:\workspace\open\src\hotspot\share\interpreter\linkResolver.cpp, line 766]
Event: 0.413 Thread 0x00000214fef60610 Exception <a 'java/lang/NoSuchMethodError'{0x0000000089a10250}: 'void java.lang.invoke.DirectMethodHandle$Holder.invokeVirtual(java.lang.Object, java.lang.Object)'> (0x0000000089a10250) 
thrown [t:\workspace\open\src\hotspot\share\interpreter\linkResolver.cpp, line 766]
Event: 0.439 Thread 0x00000214ee2cec60 Exception <a 'java/lang/NoSuchMethodError'{0x0000000089808bb0}: 'void java.lang.invoke.DirectMethodHandle$Holder.invokeStaticInit(java.lang.Object)'> (0x0000000089808bb0) 
thrown [t:\workspace\open\src\hotspot\share\interpreter\linkResolver.cpp, line 766]

VM Operations (6 events):
Event: 0.109 Executing VM operation: HandshakeAllThreads
Event: 0.109 Executing VM operation: HandshakeAllThreads done
Event: 0.375 Executing VM operation: HandshakeAllThreads
Event: 0.375 Executing VM operation: HandshakeAllThreads done
Event: 0.510 Executing VM operation: HandshakeAllThreads
Event: 0.511 Executing VM operation: HandshakeAllThreads done

Events (20 events):
Event: 0.039 Thread 0x00000214fead9c20 Thread added: 0x00000214fead9c20
Event: 0.039 Thread 0x00000214feaecd90 Thread added: 0x00000214feaecd90
Event: 0.075 Thread 0x00000214ee395bc0 Thread added: 0x00000214ee395bc0
Event: 0.099 Loaded shared library C:\Program Files\Java\jdk-18\bin\net.dll
Event: 0.102 Loaded shared library C:\Program Files\Java\jdk-18\bin\nio.dll
Event: 0.125 Thread 0x00000214fed77e70 Thread added: 0x00000214fed77e70
Event: 0.131 Loaded shared library C:\Program Files\Java\jdk-18\bin\zip.dll
Event: 0.136 Thread 0x00000214feded980 Thread added: 0x00000214feded980
Event: 0.162 Loaded shared library C:\Program Files\Java\jdk-18\bin\jimage.dll
Event: 0.187 Loaded shared library C:\Program Files\Java\jdk-18\bin\awt.dll
Event: 0.259 Thread 0x00000214fef3d7c0 Thread added: 0x00000214fef3d7c0
Event: 0.260 Thread 0x00000214fef40740 Thread added: 0x00000214fef40740
Event: 0.261 Thread 0x00000214fef60610 Thread added: 0x00000214fef60610
Event: 0.411 Thread 0x00000214fefd8ef0 Thread added: 0x00000214fefd8ef0
Event: 0.445 Loaded shared library C:\Program Files\Java\jdk-18\bin\freetype.dll
Event: 0.446 Loaded shared library C:\Program Files\Java\jdk-18\bin\fontmanager.dll
Event: 0.510 Thread 0x00000214ee2cec60 Thread exited: 0x00000214ee2cec60
Event: 0.510 Thread 0x00000214ee2cec60 Thread added: 0x00000214ee2cec60
Event: 0.692 Thread 0x00000214feded980 Thread exited: 0x00000214feded980
Event: 0.852 Thread 0x00000214930bfe40 Thread added: 0x00000214930bfe40


Dynamic libraries:
0x00007ff746750000 - 0x00007ff746760000 	C:\Program Files\Java\jdk-18\bin\java.exe
0x00007ff8c96b0000 - 0x00007ff8c98a8000 	C:\Windows\SYSTEM32\ntdll.dll
0x00007ff8c7780000 - 0x00007ff8c783f000 	C:\Windows\System32\KERNEL32.DLL
0x00007ff8c6fa0000 - 0x00007ff8c7272000 	C:\Windows\System32\KERNELBASE.dll
0x00007ff8c73a0000 - 0x00007ff8c74a0000 	C:\Windows\System32\ucrtbase.dll
0x00007ff8c2860000 - 0x00007ff8c2878000 	C:\Program Files\Java\jdk-18\bin\jli.dll
0x00007ff8c1710000 - 0x00007ff8c172a000 	C:\Program Files\Java\jdk-18\bin\VCRUNTIME140.dll
0x00007ff8c8e60000 - 0x00007ff8c8f0e000 	C:\Windows\System32\ADVAPI32.dll
0x00007ff8c8410000 - 0x00007ff8c84ae000 	C:\Windows\System32\msvcrt.dll
0x00007ff8c7a90000 - 0x00007ff8c7b2c000 	C:\Windows\System32\sechost.dll
0x00007ff8c7fe0000 - 0x00007ff8c8105000 	C:\Windows\System32\RPCRT4.dll
0x00007ff8c8a20000 - 0x00007ff8c8bc1000 	C:\Windows\System32\USER32.dll
0x00007ff8c7370000 - 0x00007ff8c7392000 	C:\Windows\System32\win32u.dll
0x00007ff8c76f0000 - 0x00007ff8c771b000 	C:\Windows\System32\GDI32.dll
0x00007ff8c74a0000 - 0x00007ff8c75af000 	C:\Windows\System32\gdi32full.dll
0x00007ff8bc8c0000 - 0x00007ff8bcb5a000 	C:\Windows\WinSxS\amd64_microsoft.windows.common-controls_6595b64144ccf1df_6.0.19041.1110_none_60b5254171f9507e\COMCTL32.dll
0x00007ff8c7280000 - 0x00007ff8c731d000 	C:\Windows\System32\msvcp_win.dll
0x00007ff8bf8e0000 - 0x00007ff8bf8ea000 	C:\Windows\SYSTEM32\VERSION.dll
0x00007ff8c7fa0000 - 0x00007ff8c7fd2000 	C:\Windows\System32\IMM32.DLL
0x00007ff8c1740000 - 0x00007ff8c174c000 	C:\Program Files\Java\jdk-18\bin\vcruntime140_1.dll
0x00007ff8c2100000 - 0x00007ff8c218d000 	C:\Program Files\Java\jdk-18\bin\msvcp140.dll
0x00007ff863490000 - 0x00007ff8640a1000 	C:\Program Files\Java\jdk-18\bin\server\jvm.dll
0x00007ff8c8f10000 - 0x00007ff8c8f18000 	C:\Windows\System32\PSAPI.DLL
0x00007ff8c1c00000 - 0x00007ff8c1c09000 	C:\Windows\SYSTEM32\WSOCK32.dll
0x00007ff8bf630000 - 0x00007ff8bf657000 	C:\Windows\SYSTEM32\WINMM.dll
0x00007ff8c8d40000 - 0x00007ff8c8dab000 	C:\Windows\System32\WS2_32.dll
0x00007ff8c4c60000 - 0x00007ff8c4c72000 	C:\Windows\SYSTEM32\kernel.appcore.dll
0x00007ff8c1260000 - 0x00007ff8c126a000 	C:\Program Files\Java\jdk-18\bin\jimage.dll
0x00007ff8af980000 - 0x00007ff8afb64000 	C:\Windows\SYSTEM32\DBGHELP.DLL
0x00007ff8af7c0000 - 0x00007ff8af7f5000 	C:\Windows\SYSTEM32\dbgcore.DLL
0x00007ff8c7660000 - 0x00007ff8c76e2000 	C:\Windows\System32\bcryptPrimitives.dll
0x00007ff8a1fd0000 - 0x00007ff8a1ff5000 	C:\Program Files\Java\jdk-18\bin\java.dll
0x00007ff865f30000 - 0x00007ff866006000 	C:\Program Files\Java\jdk-18\bin\jsvml.dll
0x00007ff8c8f20000 - 0x00007ff8c9664000 	C:\Windows\System32\SHELL32.dll
0x00007ff8c4e60000 - 0x00007ff8c55f2000 	C:\Windows\SYSTEM32\windows.storage.dll
0x00007ff8c84b0000 - 0x00007ff8c8805000 	C:\Windows\System32\combase.dll
0x00007ff8c6800000 - 0x00007ff8c6830000 	C:\Windows\SYSTEM32\Wldp.dll
0x00007ff8c8db0000 - 0x00007ff8c8e5d000 	C:\Windows\System32\SHCORE.dll
0x00007ff8c7720000 - 0x00007ff8c7775000 	C:\Windows\System32\shlwapi.dll
0x00007ff8c6ce0000 - 0x00007ff8c6cff000 	C:\Windows\SYSTEM32\profapi.dll
0x00007ff8997d0000 - 0x00007ff8997e3000 	C:\Program Files\Java\jdk-18\bin\net.dll
0x00007ff8b72c0000 - 0x00007ff8b73cc000 	C:\Windows\SYSTEM32\WINHTTP.dll
0x00007ff8c6560000 - 0x00007ff8c65ca000 	C:\Windows\system32\mswsock.dll
0x00007ff8997b0000 - 0x00007ff8997c6000 	C:\Program Files\Java\jdk-18\bin\nio.dll
0x00007ff865e90000 - 0x00007ff865ea8000 	C:\Program Files\Java\jdk-18\bin\zip.dll
0x00007ff8c0aa0000 - 0x00007ff8c0c2f000 	C:\Program Files\Java\jdk-18\bin\awt.dll
0x00007ff8c81f0000 - 0x00007ff8c82bd000 	C:\Windows\System32\OLEAUT32.dll
0x00007ff8c45a0000 - 0x00007ff8c4631000 	C:\Windows\SYSTEM32\apphelp.dll
0x00007ff8c4820000 - 0x00007ff8c484f000 	C:\Windows\system32\DWMAPI.DLL
0x00007ff8c46f0000 - 0x00007ff8c478e000 	C:\Windows\system32\uxtheme.dll
0x00007ff89e1e0000 - 0x00007ff89e305000 	C:\Windows\system32\opengl32.dll
0x00007ff89e1b0000 - 0x00007ff89e1dc000 	C:\Windows\SYSTEM32\GLU32.dll
0x00007ff8c7840000 - 0x00007ff8c7955000 	C:\Windows\System32\MSCTF.dll
0x00007ff8c7960000 - 0x00007ff8c7a8a000 	C:\Windows\System32\ole32.dll
0x00007ff8c0a10000 - 0x00007ff8c0a99000 	C:\Program Files\Java\jdk-18\bin\freetype.dll
0x00007ff8ae700000 - 0x00007ff8ae7a8000 	C:\Program Files\Java\jdk-18\bin\fontmanager.dll
0x00007ff8b6780000 - 0x00007ff8b6879000 	C:\Windows\SYSTEM32\textinputframework.dll
0x00007ff8c3f30000 - 0x00007ff8c428e000 	C:\Windows\System32\CoreUIComponents.dll
0x00007ff8c4290000 - 0x00007ff8c4382000 	C:\Windows\System32\CoreMessaging.dll
0x00007ff8c3a50000 - 0x00007ff8c3ba4000 	C:\Windows\SYSTEM32\wintypes.dll
0x00007ff8c5f30000 - 0x00007ff8c5f63000 	C:\Windows\SYSTEM32\ntmarta.dll

dbghelp: loaded successfully - version: 4.0.5 - missing functions: none
symbol engine: initialized successfully - sym options: 0x614 - pdb path: .;C:\Program Files\Java\jdk-18\bin;C:\Windows\SYSTEM32;C:\Windows\WinSxS\amd64_microsoft.windows.common-controls_6595b64144ccf1df_6.0.19041.1110_none_60b5254171f9507e;C:\Program Files\Java\jdk-18\bin\server

VM Arguments:
jvm_args: -Dfile.encoding=UTF-8 --module-path=C:\Users\Hima\bank management system\build\classes 
java_command: bank.management.system.SignupThree
java_class_path (initial): E:\Bank Management System\Login\jcalendar-tz-1.3.3-4.jar;E:\Bank Management System\Login\mysql-connector-java-8.0.28.jar;C:\Users\Hima\bank management system\build\classes
Launcher Type: SUN_STANDARD

[Global flags]
     intx CICompilerCount                          = 3                                         {product} {ergonomic}
     uint ConcGCThreads                            = 1                                         {product} {ergonomic}
     uint G1ConcRefinementThreads                  = 4                                         {product} {ergonomic}
   size_t G1HeapRegionSize                         = 1048576                                   {product} {ergonomic}
    uintx GCDrainStackTargetSize                   = 64                                        {product} {ergonomic}
   size_t InitialHeapSize                          = 134217728                                 {product} {ergonomic}
   size_t MarkStackSize                            = 4194304                                   {product} {ergonomic}
   size_t MaxHeapSize                              = 2116026368                                {product} {ergonomic}
   size_t MaxNewSize                               = 1268776960                                {product} {ergonomic}
   size_t MinHeapDeltaBytes                        = 1048576                                   {product} {ergonomic}
   size_t MinHeapSize                              = 8388608                                   {product} {ergonomic}
    uintx NonNMethodCodeHeapSize                   = 5832780                                {pd product} {ergonomic}
    uintx NonProfiledCodeHeapSize                  = 122912730                              {pd product} {ergonomic}
    uintx ProfiledCodeHeapSize                     = 122912730                              {pd product} {ergonomic}
    uintx ReservedCodeCacheSize                    = 251658240                              {pd product} {ergonomic}
     bool SegmentedCodeCache                       = true                                      {product} {ergonomic}
   size_t SoftMaxHeapSize                          = 2116026368                             {manageable} {ergonomic}
     bool UseCompressedClassPointers               = true                           {product lp64_product} {ergonomic}
     bool UseCompressedOops                        = true                           {product lp64_product} {ergonomic}
     bool UseG1GC                                  = true                                      {product} {ergonomic}
     bool UseLargePagesIndividualAllocation        = false                                  {pd product} {ergonomic}

Logging:
Log output configuration:
 #0: stdout all=warning uptime,level,tags foldmultilines=false
 #1: stderr all=off uptime,level,tags foldmultilines=false

Environment Variables:
JAVA_HOME=C:\Program Files\Java\jdk-18
PATH=C:\Program Files\Common Files\Oracle\Java\javapath;C:\Windows\system32;C:\Windows;C:\Windows\System32\Wbem;C:\Windows\System32\WindowsPowerShell\v1.0\;C:\Windows\System32\OpenSSH\;C:\Program Files\Java\jdk-18\bin;C:\Program Files\Git\cmd;C:\Program Files\MySQL\MySQL Shell 8.0\bin\;C:\Users\Hima\AppData\Local\Microsoft\WindowsApps;;C:\Program Files\JetBrains\IntelliJ IDEA Community Edition 2021.3.3\bin;
USERNAME=Hima
OS=Windows_NT
PROCESSOR_IDENTIFIER=Intel64 Family 6 Model 142 Stepping 9, GenuineIntel



---------------  S Y S T E M  ---------------

OS:
 Windows 10 , 64 bit Build 19041 (10.0.19041.2364)
OS uptime: 3 days 22:46 hours

CPU: total 4 (initial active 4) (2 cores per cpu, 2 threads per core) family 6 model 142 stepping 9 microcode 0xd6, cx8, cmov, fxsr, ht, mmx, 3dnowpref, sse, sse2, sse3, ssse3, sse4.1, sse4.2, popcnt, lzcnt, tsc, tscinvbit, avx, avx2, aes, erms, clmul, bmi1, bmi2, adx, fma, vzeroupper, clflush, clflushopt

Memory: 4k page, system-wide physical 8066M (1658M free)
TotalPageFile size 32642M (AvailPageFile size 2M)
current process WorkingSet (physical memory assigned to process): 70M, peak: 70M
current process commit charge ("private bytes"): 215M, peak: 215M

vm_info: Java HotSpot(TM) 64-Bit Server VM (18+36-2087) for windows-amd64 JRE (18+36-2087), built on Feb 15 2022 09:43:11 by "mach5one" with MS VC++ 16.8 / 16.9 (VS2019)

END.
